2026-03-10 20:53:34,883 [INFO] Activator:176 - 


2026-03-10 20:53:34,885 [INFO] Activator:177 - !SESSION log4j initialized
2026-03-10 20:53:37,021 [INFO] LogOutputStream:77 - [STDOUT_REDIRECT] 
2026-03-10 20:53:38,727 [INFO] ApplicationProperties:184 - Using Application install path: F:\STM32CubeIDE_1.19.0\STM32CubeIDE\plugins\com.st.stm32cube.common.mx_6.15.0.202507011659
2026-03-10 20:53:38,741 [INFO] DbMcusXml:78 - Set database path to: F:\STM32CubeIDE_1.19.0\STM32CubeIDE\plugins\com.st.stm32cube.common.mx_6.15.0.202507011659\\db\/mcu/
2026-03-10 20:53:38,741 [INFO] ApiDb:274 - Set plugin database path to: F:\STM32CubeIDE_1.19.0\STM32CubeIDE\plugins\com.st.stm32cube.common.mx_6.15.0.202507011659\\db\/plugins/boardmanager/
2026-03-10 20:53:38,741 [WARN] ApiDb:259 - Overriding images path with different value:  => F:\STM32CubeIDE_1.19.0\STM32CubeIDE\plugins\com.st.stm32cube.common.mx_6.15.0.202507011659\\db\/plugins/mcufinder/images/
2026-03-10 20:53:38,747 [INFO] ApiDb:250 - Set database path to: C:\Users\ADMIN\.stmcufinder\plugins\mcufinder//mcu/
2026-03-10 20:53:38,748 [INFO] DbMcusAds:125 - Set database path to: C:\Users\ADMIN\.stmcufinder\plugins\mcufinder//mcu/
2026-03-10 20:53:38,749 [INFO] CrossReferenceDbSqlite:203 - Set database path to: C:\Users\ADMIN\.stmcufinder\plugins\mcufinder//mcu/cs/
2026-03-10 20:53:38,850 [INFO] RulesReader:64 - Compatibility file has been processed (317 Rules)
2026-03-10 20:53:38,936 [INFO] DbMcusXml:78 - Set database path to: F:\STM32CubeIDE_1.19.0\STM32CubeIDE\plugins\com.st.stm32cube.common.mx_6.15.0.202507011659\\db\/mcu/
2026-03-10 20:53:38,936 [INFO] ApiDb:274 - Set plugin database path to: F:\STM32CubeIDE_1.19.0\STM32CubeIDE\plugins\com.st.stm32cube.common.mx_6.15.0.202507011659\\db\/plugins/boardmanager/
2026-03-10 20:53:38,936 [INFO] ApiDb:261 - Set plugin images path to: F:\STM32CubeIDE_1.19.0\STM32CubeIDE\plugins\com.st.stm32cube.common.mx_6.15.0.202507011659\\db\/plugins/mcufinder/images/
2026-03-10 20:53:38,937 [WARN] DbFile:41 - Overriding database path with different value: C:\Users\ADMIN\.stmcufinder\plugins\mcufinder/ => C:\Users\ADMIN\.stmcufinder\plugins\mcufinder
2026-03-10 20:53:38,937 [INFO] ApiDb:250 - Set database path to: C:\Users\ADMIN\.stmcufinder\plugins\mcufinder//mcu/
2026-03-10 20:53:38,937 [WARN] DbFile:41 - Overriding database path with different value: C:\Users\ADMIN\.stmcufinder\plugins\mcufinder/ => C:\Users\ADMIN\.stmcufinder\plugins\mcufinder
2026-03-10 20:53:38,937 [INFO] DbMcusAds:125 - Set database path to: C:\Users\ADMIN\.stmcufinder\plugins\mcufinder//mcu/
2026-03-10 20:53:38,937 [WARN] DbFile:41 - Overriding database path with different value: C:\Users\ADMIN\.stmcufinder\plugins\mcufinder/ => C:\Users\ADMIN\.stmcufinder\plugins\mcufinder
2026-03-10 20:53:38,937 [WARN] DbFile:41 - Overriding database path with different value: C:\Users\ADMIN\.stmcufinder\plugins\mcufinder/ => C:\Users\ADMIN\.stmcufinder\plugins\mcufinder
2026-03-10 20:53:38,937 [INFO] CrossReferenceDbSqlite:203 - Set database path to: C:\Users\ADMIN\.stmcufinder\plugins\mcufinder//mcu/cs/
2026-03-10 20:53:39,019 [INFO] MainPanel:274 - HeapMemory: 268435456
2026-03-10 20:53:39,130 [INFO] DbMcusXml:78 - Set database path to: F:\STM32CubeIDE_1.19.0\STM32CubeIDE\plugins\com.st.stm32cube.common.mx_6.15.0.202507011659\\db\/mcu/
2026-03-10 20:53:39,131 [INFO] ApiDb:274 - Set plugin database path to: F:\STM32CubeIDE_1.19.0\STM32CubeIDE\plugins\com.st.stm32cube.common.mx_6.15.0.202507011659\\db\/plugins/boardmanager/
2026-03-10 20:53:39,131 [INFO] ApiDb:261 - Set plugin images path to: F:\STM32CubeIDE_1.19.0\STM32CubeIDE\plugins\com.st.stm32cube.common.mx_6.15.0.202507011659\\db\/plugins/mcufinder/images/
2026-03-10 20:53:39,131 [WARN] DbFile:41 - Overriding database path with different value: C:\Users\ADMIN\.stmcufinder\plugins\mcufinder/ => C:\Users\ADMIN\.stmcufinder\plugins\mcufinder
2026-03-10 20:53:39,131 [INFO] ApiDb:250 - Set database path to: C:\Users\ADMIN\.stmcufinder\plugins\mcufinder//mcu/
2026-03-10 20:53:39,131 [WARN] DbFile:41 - Overriding database path with different value: C:\Users\ADMIN\.stmcufinder\plugins\mcufinder/ => C:\Users\ADMIN\.stmcufinder\plugins\mcufinder
2026-03-10 20:53:39,131 [INFO] DbMcusAds:125 - Set database path to: C:\Users\ADMIN\.stmcufinder\plugins\mcufinder//mcu/
2026-03-10 20:53:39,131 [WARN] DbFile:41 - Overriding database path with different value: C:\Users\ADMIN\.stmcufinder\plugins\mcufinder/ => C:\Users\ADMIN\.stmcufinder\plugins\mcufinder
2026-03-10 20:53:39,131 [WARN] DbFile:41 - Overriding database path with different value: C:\Users\ADMIN\.stmcufinder\plugins\mcufinder/ => C:\Users\ADMIN\.stmcufinder\plugins\mcufinder
2026-03-10 20:53:39,131 [INFO] CrossReferenceDbSqlite:203 - Set database path to: C:\Users\ADMIN\.stmcufinder\plugins\mcufinder//mcu/cs/
2026-03-10 20:53:39,150 [INFO] ApplicationProperties:184 - Using Application install path: F:\STM32CubeIDE_1.19.0\STM32CubeIDE\plugins\com.st.stm32cube.common.mx_6.15.0.202507011659
2026-03-10 20:53:39,151 [INFO] PluginManage:196 - Search for loadable plugins [exclusion list=, ]
2026-03-10 20:53:39,153 [INFO] PluginManage:310 - Check plugin analytics
2026-03-10 20:53:39,307 [INFO] AnalyticsPlugin:253 - Accepted Software Licenses: STM32CubeMX.6.16.1
2026-03-10 20:53:39,308 [INFO] AnalyticsPlugin:255 - Accepted CMSIS Pack Licenses: 
2026-03-10 20:53:39,308 [INFO] AnalyticsPlugin:257 - Accepted Firmware Licenses: 
2026-03-10 20:53:39,311 [INFO] PluginManage:359 - Loaded plugin analytics (category:tool,tabindex:-1)
2026-03-10 20:53:39,311 [INFO] PluginManage:310 - Check plugin cadmodel
2026-03-10 20:53:39,318 [INFO] CADModel:105 - Init CAD model plugin
2026-03-10 20:53:39,318 [INFO] PluginManage:359 - Loaded plugin cadmodel (category:power,tabindex:5)
2026-03-10 20:53:39,318 [INFO] PluginManage:310 - Check plugin clock
2026-03-10 20:53:39,338 [INFO] PluginManage:359 - Loaded plugin clock (category:base,tabindex:2)
2026-03-10 20:53:39,338 [INFO] PluginManage:310 - Check plugin ddr
2026-03-10 20:53:39,342 [INFO] PluginManage:359 - Loaded plugin ddr (category:tool,tabindex:6)
2026-03-10 20:53:39,342 [INFO] PluginManage:310 - Check plugin filemanager
2026-03-10 20:53:39,506 [INFO] PluginManage:359 - Loaded plugin filemanager (category:base,tabindex:10)
2026-03-10 20:53:39,506 [INFO] PluginManage:310 - Check plugin ipmanager
2026-03-10 20:53:39,514 [INFO] PluginManage:359 - Loaded plugin ipmanager (category:base,tabindex:5)
2026-03-10 20:53:39,514 [INFO] PluginManage:310 - Check plugin lpbam
2026-03-10 20:53:39,521 [INFO] PluginManage:359 - Loaded plugin lpbam (category:base,tabindex:0)
2026-03-10 20:53:39,521 [INFO] PluginManage:310 - Check plugin memorymap
2026-03-10 20:53:39,537 [INFO] PluginManage:359 - Loaded plugin memorymap (category:base,tabindex:4)
2026-03-10 20:53:39,537 [INFO] PluginManage:310 - Check plugin pinoutandconfiguration
2026-03-10 20:53:39,543 [INFO] PluginManage:359 - Loaded plugin pinoutandconfiguration (category:base,tabindex:1)
2026-03-10 20:53:39,544 [INFO] PluginManage:310 - Check plugin pinoutconfig
2026-03-10 20:53:39,628 [WARN] SupportedApi:132 - Cannot load RTOS API schema: s4s-elt-must-match.1: The content of 'definitions' must match (annotation?, (simpleType | complexType)?, (unique | key | keyref)*)). A problem was found starting at: attribute.
2026-03-10 20:53:39,755 [INFO] PluginManage:359 - Loaded plugin pinoutconfig (category:base,tabindex:0)
2026-03-10 20:53:39,755 [INFO] PluginManage:310 - Check plugin power
2026-03-10 20:53:39,762 [INFO] PluginManage:359 - Loaded plugin power (category:power,tabindex:4)
2026-03-10 20:53:39,762 [INFO] PluginManage:310 - Check plugin projectmanager
2026-03-10 20:53:39,777 [INFO] PluginManage:359 - Loaded plugin projectmanager (category:projectmanager,tabindex:4)
2026-03-10 20:53:39,778 [INFO] PluginManage:310 - Check plugin rif
2026-03-10 20:53:39,786 [INFO] PluginManage:359 - Loaded plugin rif (category:base,tabindex:3)
2026-03-10 20:53:39,787 [INFO] PluginManage:310 - Check plugin thirdparty
2026-03-10 20:53:39,924 [INFO] PluginManage:359 - Loaded plugin thirdparty (category:base,tabindex:-1)
2026-03-10 20:53:39,924 [WARN] IntegrityCheckThread:84 - waiting for thirdparty lock release [integrity check]
2026-03-10 20:53:39,925 [INFO] PluginManage:310 - Check plugin tools
2026-03-10 20:53:39,925 [INFO] IntegrityCheckThread:86 - entering critical section [integrity check]
2026-03-10 20:53:39,926 [INFO] ThirdPartyUpdaterWithRetryManager:70 - Updater plugin not ready yet. [1/15]
2026-03-10 20:53:39,928 [INFO] PluginManage:359 - Loaded plugin tools (category:base,tabindex:7)
2026-03-10 20:53:39,928 [INFO] PluginManage:310 - Check plugin tutovideos
2026-03-10 20:53:40,153 [INFO] PluginManage:359 - Loaded plugin tutovideos (category:base,tabindex:-1)
2026-03-10 20:53:40,153 [INFO] PluginManage:310 - Check plugin updater
2026-03-10 20:53:40,173 [INFO] PluginManage:359 - Loaded plugin updater (category:base,tabindex:12)
2026-03-10 20:53:40,173 [INFO] PluginManage:310 - Check plugin userauth
2026-03-10 20:53:40,176 [INFO] UserAuth:118 - Init User Auth plugin
2026-03-10 20:53:40,177 [INFO] PluginManage:359 - Loaded plugin userauth (category:base,tabindex:14)
2026-03-10 20:53:40,178 [INFO] PluginManage:283 - PluginManage : Loaded plugins [18]
2026-03-10 20:53:40,384 [INFO] PinOutPanel:1589 - setPackage(No Configuration,No Configuration)
2026-03-10 20:53:40,461 [INFO] CADModel:165 - CPN selected for project level
2026-03-10 20:53:40,461 [INFO] CADModel:114 - Register for checkConnection events
2026-03-10 20:53:40,476 [INFO] IPUIPlugin:80 - create IPUIPlugin
2026-03-10 20:53:40,476 [INFO] PluginManager:220 - loadIPPluginJar : add adc
2026-03-10 20:53:40,478 [INFO] IPUIPlugin:80 - create IPUIPlugin
2026-03-10 20:53:40,478 [INFO] PluginManager:220 - loadIPPluginJar : add aes
2026-03-10 20:53:40,479 [INFO] IPUIPlugin:80 - create IPUIPlugin
2026-03-10 20:53:40,479 [INFO] PluginManager:220 - loadIPPluginJar : add can
2026-03-10 20:53:40,481 [INFO] IPUIPlugin:80 - create IPUIPlugin
2026-03-10 20:53:40,482 [INFO] PluginManager:220 - loadIPPluginJar : add comp
2026-03-10 20:53:40,483 [INFO] IPUIPlugin:80 - create IPUIPlugin
2026-03-10 20:53:40,484 [INFO] PluginManager:220 - loadIPPluginJar : add cryp
2026-03-10 20:53:40,487 [INFO] IPUIPlugin:80 - create IPUIPlugin
2026-03-10 20:53:40,487 [INFO] PluginManager:220 - loadIPPluginJar : add ddr_ctrl_phy
2026-03-10 20:53:40,489 [INFO] IPUIPlugin:80 - create IPUIPlugin
2026-03-10 20:53:40,490 [INFO] PluginManager:220 - loadIPPluginJar : add dfsdm
2026-03-10 20:53:40,495 [INFO] IPUIPlugin:80 - create IPUIPlugin
2026-03-10 20:53:40,496 [INFO] PluginManager:220 - loadIPPluginJar : add dma
2026-03-10 20:53:40,497 [INFO] IPUIPlugin:80 - create IPUIPlugin
2026-03-10 20:53:40,498 [INFO] PluginManager:220 - loadIPPluginJar : add dma3
2026-03-10 20:53:40,500 [INFO] IPUIPlugin:80 - create IPUIPlugin
2026-03-10 20:53:40,500 [INFO] PluginManager:220 - loadIPPluginJar : add extmemmanager
2026-03-10 20:53:40,501 [INFO] IPUIPlugin:80 - create IPUIPlugin
2026-03-10 20:53:40,501 [INFO] PluginManager:220 - loadIPPluginJar : add fatfs
2026-03-10 20:53:40,505 [INFO] IPUIPlugin:80 - create IPUIPlugin
2026-03-10 20:53:40,505 [INFO] PluginManager:220 - loadIPPluginJar : add fmc
2026-03-10 20:53:40,510 [INFO] IPUIPlugin:80 - create IPUIPlugin
2026-03-10 20:53:40,510 [INFO] PluginManager:220 - loadIPPluginJar : add freertos
2026-03-10 20:53:40,511 [INFO] IPUIPlugin:80 - create IPUIPlugin
2026-03-10 20:53:40,511 [INFO] PluginManager:220 - loadIPPluginJar : add genericplugin
2026-03-10 20:53:40,513 [INFO] IPUIPlugin:80 - create IPUIPlugin
2026-03-10 20:53:40,513 [INFO] PluginManager:220 - loadIPPluginJar : add gfxmmu
2026-03-10 20:53:40,517 [INFO] IPUIPlugin:80 - create IPUIPlugin
2026-03-10 20:53:40,517 [INFO] PluginManager:220 - loadIPPluginJar : add gic
2026-03-10 20:53:40,520 [INFO] IPUIPlugin:80 - create IPUIPlugin
2026-03-10 20:53:40,520 [INFO] PluginManager:220 - loadIPPluginJar : add gpio
2026-03-10 20:53:40,523 [INFO] IPUIPlugin:80 - create IPUIPlugin
2026-03-10 20:53:40,523 [INFO] PluginManager:220 - loadIPPluginJar : add gtzc
2026-03-10 20:53:40,525 [INFO] IPUIPlugin:80 - create IPUIPlugin
2026-03-10 20:53:40,525 [INFO] PluginManager:220 - loadIPPluginJar : add hash
2026-03-10 20:53:40,527 [INFO] IPUIPlugin:80 - create IPUIPlugin
2026-03-10 20:53:40,527 [INFO] PluginManager:220 - loadIPPluginJar : add i2c
2026-03-10 20:53:40,529 [INFO] IPUIPlugin:80 - create IPUIPlugin
2026-03-10 20:53:40,530 [INFO] PluginManager:220 - loadIPPluginJar : add i2s
2026-03-10 20:53:40,532 [INFO] IPUIPlugin:80 - create IPUIPlugin
2026-03-10 20:53:40,532 [INFO] PluginManager:220 - loadIPPluginJar : add i3c
2026-03-10 20:53:40,535 [INFO] IPUIPlugin:80 - create IPUIPlugin
2026-03-10 20:53:40,535 [INFO] PluginManager:220 - loadIPPluginJar : add ipddr
2026-03-10 20:53:40,543 [INFO] IPUIPlugin:80 - create IPUIPlugin
2026-03-10 20:53:40,543 [INFO] PluginManager:220 - loadIPPluginJar : add linkedlist
2026-03-10 20:53:40,546 [INFO] IPUIPlugin:80 - create IPUIPlugin
2026-03-10 20:53:40,546 [INFO] PluginManager:220 - loadIPPluginJar : add lorawan
2026-03-10 20:53:40,548 [INFO] IPUIPlugin:80 - create IPUIPlugin
2026-03-10 20:53:40,548 [INFO] PluginManager:220 - loadIPPluginJar : add ltdc
2026-03-10 20:53:40,553 [INFO] IPUIPlugin:80 - create IPUIPlugin
2026-03-10 20:53:40,554 [INFO] PluginManager:220 - loadIPPluginJar : add mdma
2026-03-10 20:53:40,556 [INFO] IPUIPlugin:80 - create IPUIPlugin
2026-03-10 20:53:40,556 [INFO] PluginManager:220 - loadIPPluginJar : add nvic
2026-03-10 20:53:40,559 [INFO] IPUIPlugin:80 - create IPUIPlugin
2026-03-10 20:53:40,559 [INFO] PluginManager:220 - loadIPPluginJar : add opamp
2026-03-10 20:53:40,561 [INFO] IPUIPlugin:80 - create IPUIPlugin
2026-03-10 20:53:40,562 [INFO] PluginManager:220 - loadIPPluginJar : add openamp
2026-03-10 20:53:40,564 [INFO] IPUIPlugin:80 - create IPUIPlugin
2026-03-10 20:53:40,564 [INFO] PluginManager:220 - loadIPPluginJar : add pdm2pcm
2026-03-10 20:53:40,568 [INFO] IPUIPlugin:80 - create IPUIPlugin
2026-03-10 20:53:40,572 [INFO] PluginManager:220 - loadIPPluginJar : add plateformsettings
2026-03-10 20:53:40,574 [INFO] IPUIPlugin:80 - create IPUIPlugin
2026-03-10 20:53:40,574 [INFO] PluginManager:220 - loadIPPluginJar : add quadspi
2026-03-10 20:53:40,575 [INFO] IPUIPlugin:80 - create IPUIPlugin
2026-03-10 20:53:40,576 [INFO] PluginManager:220 - loadIPPluginJar : add radio
2026-03-10 20:53:40,579 [INFO] IPUIPlugin:80 - create IPUIPlugin
2026-03-10 20:53:40,579 [INFO] PluginManager:220 - loadIPPluginJar : add resmgrutility
2026-03-10 20:53:40,582 [INFO] IPUIPlugin:80 - create IPUIPlugin
2026-03-10 20:53:40,582 [INFO] PluginManager:220 - loadIPPluginJar : add sai
2026-03-10 20:53:40,584 [INFO] IPUIPlugin:80 - create IPUIPlugin
2026-03-10 20:53:40,585 [INFO] PluginManager:220 - loadIPPluginJar : add spi
2026-03-10 20:53:40,590 [INFO] IPUIPlugin:80 - create IPUIPlugin
2026-03-10 20:53:40,591 [INFO] PluginManager:220 - loadIPPluginJar : add stm32_wpan
2026-03-10 20:53:40,593 [INFO] IPUIPlugin:80 - create IPUIPlugin
2026-03-10 20:53:40,593 [INFO] PluginManager:220 - loadIPPluginJar : add tim
2026-03-10 20:53:40,596 [INFO] IPUIPlugin:80 - create IPUIPlugin
2026-03-10 20:53:40,596 [INFO] PluginManager:220 - loadIPPluginJar : add touchsensing
2026-03-10 20:53:40,597 [INFO] IPUIPlugin:80 - create IPUIPlugin
2026-03-10 20:53:40,598 [INFO] PluginManager:220 - loadIPPluginJar : add tracer_emb
2026-03-10 20:53:40,599 [INFO] IPUIPlugin:80 - create IPUIPlugin
2026-03-10 20:53:40,599 [INFO] PluginManager:220 - loadIPPluginJar : add ts
2026-03-10 20:53:40,600 [INFO] IPUIPlugin:80 - create IPUIPlugin
2026-03-10 20:53:40,601 [INFO] PluginManager:220 - loadIPPluginJar : add tsc
2026-03-10 20:53:40,602 [INFO] IPUIPlugin:80 - create IPUIPlugin
2026-03-10 20:53:40,602 [INFO] PluginManager:220 - loadIPPluginJar : add ucpd
2026-03-10 20:53:40,605 [INFO] IPUIPlugin:80 - create IPUIPlugin
2026-03-10 20:53:40,605 [INFO] PluginManager:220 - loadIPPluginJar : add usart
2026-03-10 20:53:40,609 [INFO] IPUIPlugin:80 - create IPUIPlugin
2026-03-10 20:53:40,609 [INFO] PluginManager:220 - loadIPPluginJar : add usbx
2026-03-10 20:53:40,740 [FATAL] Updater:351 - Updater called before beeing initialized
2026-03-10 20:53:40,763 [INFO] RulesReader:64 - Compatibility file has been processed (317 Rules)
2026-03-10 20:53:40,772 [INFO] RulesReader:64 - Compatibility file has been processed (317 Rules)
2026-03-10 20:53:40,783 [INFO] CADModel:165 - CPN selected for project level
2026-03-10 20:53:40,783 [INFO] CADModel:114 - Register for checkConnection events
2026-03-10 20:53:40,783 [FATAL] Updater:351 - Updater called before beeing initialized
2026-03-10 20:53:40,783 [ERROR] CADModel:125 - Updater not yet initialized, retry later 
2026-03-10 20:53:40,927 [FATAL] Updater:351 - Updater called before beeing initialized
2026-03-10 20:53:40,929 [INFO] CADModel:165 - CPN selected for project level
2026-03-10 20:53:40,929 [INFO] CADModel:114 - Register for checkConnection events
2026-03-10 20:53:40,929 [FATAL] Updater:351 - Updater called before beeing initialized
2026-03-10 20:53:40,929 [ERROR] CADModel:125 - Updater not yet initialized, retry later 
2026-03-10 20:53:40,932 [FATAL] Updater:351 - Updater called before beeing initialized
2026-03-10 20:53:41,043 [FATAL] Updater:351 - Updater called before beeing initialized
2026-03-10 20:53:41,047 [INFO] DbMcusAds:53 - JSON generation date=Thu Mar 05 21:32:52 ICT 2026 (1772721172610)
2026-03-10 20:53:41,047 [FATAL] Updater:351 - Updater called before beeing initialized
2026-03-10 20:53:41,082 [WARN] DetailPanel:346 - Failed to get advertising image, set to default
2026-03-10 20:53:41,158 [FATAL] Updater:351 - Updater called before beeing initialized
2026-03-10 20:53:41,160 [FATAL] Updater:351 - Updater called before beeing initialized
2026-03-10 20:53:41,160 [FATAL] Updater:351 - Updater called before beeing initialized
2026-03-10 20:53:41,160 [WARN] DetailPanel:346 - Failed to get advertising image, set to default
2026-03-10 20:53:41,160 [FATAL] Updater:351 - Updater called before beeing initialized
2026-03-10 20:53:41,206 [ERROR] Updater:1198 - MainUpdater not yet initialized. External WinMGr cannot be set.
2026-03-10 20:53:41,208 [INFO] Updater:1134 - Updater Version found : 6.15.0
2026-03-10 20:53:41,220 [INFO] ApplicationProperties:184 - Using Application install path: F:\STM32CubeIDE_1.19.0\STM32CubeIDE\plugins\com.st.stm32cube.common.mx_6.15.0.202507011659
2026-03-10 20:53:42,789 [ERROR] LogOutputStream:75 - [STDERR_REDIRECT] Mar 10, 2026 8:53:42 PM java.util.prefs.WindowsPreferences <init>
2026-03-10 20:53:42,790 [ERROR] LogOutputStream:75 - [STDERR_REDIRECT] WARNING: Could not open/create prefs root node Software\JavaSoft\Prefs at root 0xffffffff80000002. Windows RegCreateKeyEx(...) returned error code 5.
2026-03-10 20:53:42,790 [ERROR] LogOutputStream:75 - [STDERR_REDIRECT] 
2026-03-10 20:53:42,927 [INFO] ThirdPartyUpdaterWithRetryManager:70 - Updater plugin not ready yet. [2/15]
2026-03-10 20:53:43,103 [INFO] MainUpdater:2872 - connection check result : 10
2026-03-10 20:53:43,103 [INFO] MainUpdater:289 - Updater Check For Update Now.
2026-03-10 20:53:43,104 [INFO] MicroXplorer:498 - Change Database Version : DB.6.0.150
2026-03-10 20:53:43,110 [INFO] McuFinderGlobals:63 - Set McuFinder mode to 2 (CubeIDE integrated)
2026-03-10 20:53:43,111 [INFO] UserAuth:487 - Internet connection configuration mode: 1
2026-03-10 20:53:43,148 [INFO] JxBrowserEngine:152 - Initiate JxBrowser Engine with user profile folder
2026-03-10 20:53:43,283 [INFO] CheckServerUpdateThread:120 - End of CheckServer Thread
2026-03-10 20:53:43,916 [INFO] WebApp:169 - Instantiating new browser for Auth
2026-03-10 20:53:44,687 [INFO] WebApp:463 - Apply proxy settings
2026-03-10 20:53:44,687 [INFO] WebApp:548 - Chromium requires no authentication
2026-03-10 20:53:44,704 [INFO] WebApp:491 - Direct internet connection detected
2026-03-10 20:53:44,732 [INFO] WebApp:900 - Register for checkConnection events
2026-03-10 20:53:44,732 [INFO] WebApp:463 - Apply proxy settings
2026-03-10 20:53:44,733 [INFO] WebApp:548 - Chromium requires no authentication
2026-03-10 20:53:44,733 [INFO] WebApp:491 - Direct internet connection detected
2026-03-10 20:53:44,902 [INFO] WebApp:191 - Connection restablished
2026-03-10 20:53:44,933 [INFO] WebApp:225 - Starting web application
2026-03-10 20:53:44,933 [INFO] WebApp:593 - Web application path used F:\STM32CubeIDE_1.19.0\STM32CubeIDE\plugins\com.st.stm32cube.common.mx_6.15.0.202507011659\db\plugins\mcufinder\reactClient1\index.html
2026-03-10 20:53:45,077 [INFO] UserAuth:487 - Internet connection configuration mode: 1
2026-03-10 20:53:46,204 [WARN] PackLoader:240 - Cannot read IP mode file for STMicroelectronics.X-CUBE-AZRTOS-H7.3.5.0
2026-03-10 20:53:46,217 [WARN] PackLoader:240 - Cannot read IP mode file for STMicroelectronics.FP-SNS-MOTENVWB1.1.4.0
2026-03-10 20:53:46,225 [WARN] PackLoader:240 - Cannot read IP mode file for STMicroelectronics.FP-ATR-ASTRA1.2.0.2
2026-03-10 20:53:46,241 [WARN] PackLoader:240 - Cannot read IP mode file for STMicroelectronics.X-CUBE-SMBUS.2.1.0
2026-03-10 20:53:46,247 [WARN] PackLoader:240 - Cannot read IP mode file for STMicroelectronics.X-CUBE-ST60.1.0.0
2026-03-10 20:53:46,264 [WARN] PackLoader:240 - Cannot read IP mode file for STMicroelectronics.X-CUBE-AZRTOS-F7.1.1.0
2026-03-10 20:53:46,272 [WARN] PackLoader:240 - Cannot read IP mode file for Cesanta.I-CUBE-Mongoose.7.19.0
2026-03-10 20:53:46,277 [WARN] PackLoader:240 - Cannot read IP mode file for STMicroelectronics.FP-SNS-MOTENV1.5.1.0
2026-03-10 20:53:46,289 [WARN] PackLoader:240 - Cannot read IP mode file for WES.I-CUBE-Cesium.1.4.0
2026-03-10 20:53:46,309 [WARN] PackLoader:240 - Cannot read IP mode file for Infineon.AIROC-Wi-Fi-Bluetooth-STM32.1.7.1
2026-03-10 20:53:46,327 [WARN] PackLoader:240 - Cannot read IP mode file for STMicroelectronics.X-CUBE-AZRTOS-H7.3.4.0
2026-03-10 20:53:46,338 [WARN] PackLoader:240 - Cannot read IP mode file for STMicroelectronics.X-CUBE-DISPLAY.3.0.0
2026-03-10 20:53:46,345 [WARN] PackLoader:240 - Cannot read IP mode file for STMicroelectronics.FP-SNS-MOTENVWB1.1.5.0
2026-03-10 20:53:46,354 [WARN] PackLoader:240 - Cannot read IP mode file for STMicroelectronics.X-CUBE-NFC10.1.0.0
2026-03-10 20:53:46,360 [WARN] PackLoader:240 - Cannot read IP mode file for STMicroelectronics.X-CUBE-ST60.1.1.0
2026-03-10 20:53:46,367 [WARN] PackLoader:240 - Cannot read IP mode file for emotas.I-CUBE-CANOPEN.1.3.0
2026-03-10 20:53:46,375 [WARN] PackLoader:240 - Cannot read IP mode file for STMicroelectronics.X-CUBE-GNSS1.7.1.0
2026-03-10 20:53:46,384 [WARN] PackLoader:240 - Cannot read IP mode file for STMicroelectronics.FP-SNS-STBOX1.2.1.0
2026-03-10 20:53:46,393 [WARN] PackLoader:240 - Cannot read IP mode file for STMicroelectronics.FP-SNS-SMARTAG2.1.2.0
2026-03-10 20:53:46,397 [WARN] PackLoader:240 - Cannot read IP mode file for STMicroelectronics.FP-SNS-FLIGHT1.5.1.0
2026-03-10 20:53:46,415 [INFO] LogOutputStream:77 - [STDOUT_REDIRECT] 1 : Invalid condition id : UX_CORESTACK_Condition cause : null
2026-03-10 20:53:46,415 [INFO] LogOutputStream:77 - [STDOUT_REDIRECT] 1 : Invalid condition id : UX_CORESTACK_Condition cause : null
2026-03-10 20:53:46,417 [INFO] LogOutputStream:77 - [STDOUT_REDIRECT] 1 : Invalid condition id : UX_CORESTACK_Condition cause : null
2026-03-10 20:53:46,418 [INFO] LogOutputStream:77 - [STDOUT_REDIRECT] 1 : Invalid condition id : UX_CORESTACK_Condition cause : null
2026-03-10 20:53:46,420 [INFO] LogOutputStream:77 - [STDOUT_REDIRECT] 1 : Invalid condition id : UX_CORESTACK_Condition cause : null
2026-03-10 20:53:46,422 [WARN] PackLoader:240 - Cannot read IP mode file for STMicroelectronics.X-CUBE-AZRTOS-WL.2.0.0
2026-03-10 20:53:46,428 [WARN] PackLoader:240 - Cannot read IP mode file for STMicroelectronics.FP-SNS-MOTENV1.5.0.0
2026-03-10 20:53:46,447 [WARN] PackLoader:240 - Cannot read IP mode file for STMicroelectronics.X-CUBE-AZRTOS-H7RS.1.2.0
2026-03-10 20:53:46,457 [WARN] PackLoader:240 - Cannot read IP mode file for STMicroelectronics.X-CUBE-BLE2.3.3.0
2026-03-10 20:53:46,490 [WARN] PackLoader:240 - Cannot read IP mode file for STMicroelectronics.X-CUBE-NFC9.1.0.0
2026-03-10 20:53:46,498 [WARN] PackLoader:240 - Cannot read IP mode file for wolfSSL.I-CUBE-wolfSSL.5.8.2
2026-03-10 20:53:46,505 [WARN] PackLoader:240 - Cannot read IP mode file for STMicroelectronics.X-CUBE-BLE1.7.1.0
2026-03-10 20:53:46,511 [WARN] PackLoader:240 - Cannot read IP mode file for wolfSSL.I-CUBE-wolfMQTT.1.19.2
2026-03-10 20:53:46,517 [WARN] PackLoader:240 - Cannot read IP mode file for STMicroelectronics.X-CUBE-FREERTOS.1.4.0
2026-03-10 20:53:46,526 [WARN] PackLoader:240 - Cannot read IP mode file for STMicroelectronics.X-CUBE-EEPRMA1.5.2.0
2026-03-10 20:53:46,534 [WARN] PackLoader:240 - Cannot read IP mode file for STMicroelectronics.X-CUBE-ST67W61.1.1.0
2026-03-10 20:53:46,567 [WARN] PackLoader:240 - Cannot read IP mode file for STMicroelectronics.X-CUBE-MEMS1.12.0.0
2026-03-10 20:53:46,649 [WARN] PackLoader:240 - Cannot read IP mode file for STMicroelectronics.X-CUBE-AZRTOS-G0.1.1.0
2026-03-10 20:53:46,659 [WARN] PackLoader:240 - Cannot read IP mode file for STMicroelectronics.X-CUBE-SAFEA1.1.2.2
2026-03-10 20:53:46,670 [WARN] PackLoader:240 - Cannot read IP mode file for STMicroelectronics.X-CUBE-NFC4.3.0.0
2026-03-10 20:53:46,681 [WARN] PackLoader:240 - Cannot read IP mode file for EmbeddedOffice.I-CUBE-FS-RTOS.1.0.1
2026-03-10 20:53:46,693 [WARN] PackLoader:240 - Cannot read IP mode file for STMicroelectronics.X-CUBE-WB05N.2.0.0
2026-03-10 20:53:46,700 [WARN] PackLoader:240 - Cannot read IP mode file for wolfSSL.I-CUBE-wolfTPM.3.8.0
2026-03-10 20:53:46,709 [WARN] PackLoader:240 - Cannot read IP mode file for STMicroelectronics.X-CUBE-TCPP.4.2.0
2026-03-10 20:53:46,730 [WARN] PackLoader:240 - Cannot read IP mode file for RealThread.X-CUBE-RT-Thread_Nano.4.1.1
2026-03-10 20:53:46,738 [WARN] PackLoader:240 - Cannot read IP mode file for STMicroelectronics.FP-ATR-SIGFOX1.3.2.0
2026-03-10 20:53:46,747 [WARN] PackLoader:240 - Cannot read IP mode file for STMicroelectronics.X-CUBE-FREERTOS.1.5.0
2026-03-10 20:53:46,759 [WARN] PackLoader:240 - Cannot read IP mode file for ITTIA_DB.I-CUBE-ITTIADB.8.9.0
2026-03-10 20:53:46,769 [WARN] PackLoader:240 - Cannot read IP mode file for STMicroelectronics.X-CUBE-NFC6.3.2.0
2026-03-10 20:53:46,807 [WARN] PackLoader:240 - Cannot read IP mode file for STMicroelectronics.X-CUBE-ST67W61.1.0.0
2026-03-10 20:53:46,816 [WARN] PackLoader:240 - Cannot read IP mode file for STMicroelectronics.X-CUBE-AI.10.2.0
2026-03-10 20:53:46,842 [WARN] PackLoader:240 - Cannot read IP mode file for SEGGER.I-CUBE-embOS.1.3.1
2026-03-10 20:53:46,893 [WARN] PackLoader:240 - Cannot read IP mode file for STMicroelectronics.X-CUBE-ALGOBUILD.1.4.0
2026-03-10 20:53:46,942 [WARN] PackLoader:240 - Cannot read IP mode file for STMicroelectronics.X-CUBE-MEMS1.11.3.0
2026-03-10 20:53:47,067 [WARN] PackLoader:240 - Cannot read IP mode file for STMicroelectronics.X-CUBE-PM33A1.1.0.0
2026-03-10 20:53:47,081 [WARN] PackLoader:240 - Cannot read IP mode file for STMicroelectronics.X-CUBE-AZRTOS-F4.1.1.0
2026-03-10 20:53:47,088 [WARN] PackLoader:240 - Cannot read IP mode file for STMicroelectronics.X-CUBE-ISPU.2.1.0
2026-03-10 20:53:47,102 [WARN] PackLoader:240 - Cannot read IP mode file for STMicroelectronics.X-CUBE-IPS.3.2.0
2026-03-10 20:53:47,115 [WARN] PackLoader:240 - Cannot read IP mode file for STMicroelectronics.X-CUBE-NFC12.1.0.0
2026-03-10 20:53:47,129 [WARN] PackLoader:240 - Cannot read IP mode file for STMicroelectronics.X-CUBE-AZRTOS-L5.2.0.0
2026-03-10 20:53:47,138 [WARN] PackLoader:240 - Cannot read IP mode file for STMicroelectronics.X-CUBE-NFC6.3.1.0
2026-03-10 20:53:47,145 [WARN] PackLoader:240 - Cannot read IP mode file for STMicroelectronics.X-CUBE-FREERTOS.1.3.1
2026-03-10 20:53:47,154 [WARN] PackLoader:240 - Cannot read IP mode file for STMicroelectronics.X-CUBE-TOUCHGFX.4.26.0
2026-03-10 20:53:47,158 [WARN] PackLoader:240 - Cannot read IP mode file for STMicroelectronics.X-CUBE-TOUCHGFX.4.26.1
2026-03-10 20:53:47,164 [WARN] PackLoader:240 - Cannot read IP mode file for STMicroelectronics.FP-SNS-STAIOTCFT.1.0.0
2026-03-10 20:53:47,171 [WARN] PackLoader:240 - Cannot read IP mode file for STMicroelectronics.X-CUBE-DPower.1.3.0
2026-03-10 20:53:47,186 [WARN] ConditionMgr:438 - getConditionDescription Invalid condition id : LAN8742 Phy interface Condition cause : null
2026-03-10 20:53:47,187 [WARN] PackLoader:240 - Cannot read IP mode file for STMicroelectronics.X-CUBE-AZRTOS-L4.2.0.0
2026-03-10 20:53:47,188 [WARN] ConditionMgr:1044 - genDependencies : Invalid condition id : LAN8742 Phy interface Condition cause : null
2026-03-10 20:53:47,188 [WARN] ConditionMgr:1044 - genDependencies : Invalid condition id : LAN8742 Phy interface Condition cause : null
2026-03-10 20:53:47,189 [WARN] ConditionMgr:1044 - genDependencies : Invalid condition id : LAN8742 Phy interface Condition cause : null
2026-03-10 20:53:47,200 [WARN] PackLoader:240 - Cannot read IP mode file for STMicroelectronics.X-CUBE-SFXS2LP1.4.0.0
2026-03-10 20:53:47,207 [WARN] PackLoader:240 - Cannot read IP mode file for STMicroelectronics.X-CUBE-ST67W61.1.2.0
2026-03-10 20:53:47,220 [WARN] PackLoader:240 - Cannot read IP mode file for STMicroelectronics.X-CUBE-BLEMGR.4.1.0
2026-03-10 20:53:47,233 [WARN] ConditionMgr:438 - getConditionDescription Invalid condition id : UX DEVICE CLASS RTOS Condition cause : null
2026-03-10 20:53:47,234 [WARN] ConditionMgr:438 - getConditionDescription Invalid condition id : UX DEVICE CLASS RTOS Condition cause : null
2026-03-10 20:53:47,235 [WARN] PackLoader:240 - Cannot read IP mode file for STMicroelectronics.X-CUBE-AZRTOS-WB.2.0.0
2026-03-10 20:53:47,235 [WARN] ConditionMgr:1044 - genDependencies : Invalid condition id : UX DEVICE CLASS RTOS Condition cause : null
2026-03-10 20:53:47,235 [WARN] ConditionMgr:1044 - genDependencies : Invalid condition id : UX DEVICE CLASS RTOS Condition cause : null
2026-03-10 20:53:47,236 [WARN] ConditionMgr:1044 - genDependencies : Invalid condition id : UX DEVICE CLASS RTOS Condition cause : null
2026-03-10 20:53:47,236 [WARN] ConditionMgr:1044 - genDependencies : Invalid condition id : UX DEVICE CLASS RTOS Condition cause : null
2026-03-10 20:53:47,236 [WARN] ConditionMgr:1044 - genDependencies : Invalid condition id : UX DEVICE CLASS RTOS Condition cause : null
2026-03-10 20:53:47,242 [WARN] PackLoader:240 - Cannot read IP mode file for STMicroelectronics.X-CUBE-GNSS1.7.0.1
2026-03-10 20:53:47,253 [WARN] ConditionMgr:438 - getConditionDescription Invalid condition id : Cortex-A Device cause : null
2026-03-10 20:53:47,267 [WARN] ConditionMgr:1044 - genDependencies : Invalid condition id : Cortex-A Device cause : null
2026-03-10 20:53:47,268 [WARN] ConditionMgr:1044 - genDependencies : Invalid condition id : Cortex-A Device cause : null
2026-03-10 20:53:47,268 [WARN] ConditionMgr:1044 - genDependencies : Invalid condition id : Cortex-A Device cause : null
2026-03-10 20:53:47,276 [WARN] PackLoader:240 - Cannot read IP mode file for STMicroelectronics.X-CUBE-STSE01.2.0.0
2026-03-10 20:53:47,295 [WARN] PackLoader:240 - Cannot read IP mode file for STMicroelectronics.X-CUBE-SUBG2.5.0.0
2026-03-10 20:53:47,310 [WARN] PackLoader:240 - Cannot read IP mode file for STMicroelectronics.X-CUBE-AZRTOS-H7RS.1.1.0
2026-03-10 20:53:47,320 [WARN] PackLoader:240 - Cannot read IP mode file for STMicroelectronics.X-CUBE-AZRTOS-G4.2.0.0
2026-03-10 20:53:47,329 [WARN] PackLoader:240 - Cannot read IP mode file for wolfSSL.I-CUBE-wolfSSH.1.4.20
2026-03-10 20:53:47,334 [WARN] PackLoader:240 - Cannot read IP mode file for STMicroelectronics.X-CUBE-NFC7.2.0.0
2026-03-10 20:53:47,341 [WARN] PackLoader:240 - Cannot read IP mode file for STMicroelectronics.X-CUBE-ALS.1.0.2
2026-03-10 20:53:47,347 [WARN] PackLoader:240 - Cannot read IP mode file for STMicroelectronics.X-CUBE-STSE01.1.0.0
2026-03-10 20:53:47,358 [WARN] PackLoader:240 - Cannot read IP mode file for STMicroelectronics.X-CUBE-TOF1.3.4.3
2026-03-10 20:53:47,365 [INFO] ThirdParty:978 - Integrity check success = true
2026-03-10 20:53:47,365 [INFO] IntegrityCheckThread:100 - exiting critical section [integrity check]
2026-03-10 20:53:47,365 [INFO] IntegrityCheckThread:103 - End integrity checks thread
2026-03-10 20:54:23,716 [INFO] Activator:176 - 


2026-03-10 20:54:23,716 [INFO] Activator:177 - !SESSION log4j initialized
2026-03-10 20:54:25,927 [INFO] LogOutputStream:77 - [STDOUT_REDIRECT] 
2026-03-10 20:54:27,435 [INFO] ApplicationProperties:184 - Using Application install path: F:\STM32CubeIDE_1.19.0\STM32CubeIDE\plugins\com.st.stm32cube.common.mx_6.15.0.202507011659
2026-03-10 20:54:27,446 [INFO] DbMcusXml:78 - Set database path to: F:\STM32CubeIDE_1.19.0\STM32CubeIDE\plugins\com.st.stm32cube.common.mx_6.15.0.202507011659\\db\/mcu/
2026-03-10 20:54:27,446 [INFO] ApiDb:274 - Set plugin database path to: F:\STM32CubeIDE_1.19.0\STM32CubeIDE\plugins\com.st.stm32cube.common.mx_6.15.0.202507011659\\db\/plugins/boardmanager/
2026-03-10 20:54:27,446 [WARN] ApiDb:259 - Overriding images path with different value:  => F:\STM32CubeIDE_1.19.0\STM32CubeIDE\plugins\com.st.stm32cube.common.mx_6.15.0.202507011659\\db\/plugins/mcufinder/images/
2026-03-10 20:54:27,450 [INFO] ApiDb:250 - Set database path to: C:\Users\ADMIN\.stmcufinder\plugins\mcufinder//mcu/
2026-03-10 20:54:27,450 [INFO] DbMcusAds:125 - Set database path to: C:\Users\ADMIN\.stmcufinder\plugins\mcufinder//mcu/
2026-03-10 20:54:27,452 [INFO] CrossReferenceDbSqlite:203 - Set database path to: C:\Users\ADMIN\.stmcufinder\plugins\mcufinder//mcu/cs/
2026-03-10 20:54:27,527 [INFO] RulesReader:64 - Compatibility file has been processed (317 Rules)
2026-03-10 20:54:27,592 [INFO] DbMcusXml:78 - Set database path to: F:\STM32CubeIDE_1.19.0\STM32CubeIDE\plugins\com.st.stm32cube.common.mx_6.15.0.202507011659\\db\/mcu/
2026-03-10 20:54:27,592 [INFO] ApiDb:274 - Set plugin database path to: F:\STM32CubeIDE_1.19.0\STM32CubeIDE\plugins\com.st.stm32cube.common.mx_6.15.0.202507011659\\db\/plugins/boardmanager/
2026-03-10 20:54:27,592 [INFO] ApiDb:261 - Set plugin images path to: F:\STM32CubeIDE_1.19.0\STM32CubeIDE\plugins\com.st.stm32cube.common.mx_6.15.0.202507011659\\db\/plugins/mcufinder/images/
2026-03-10 20:54:27,592 [WARN] DbFile:41 - Overriding database path with different value: C:\Users\ADMIN\.stmcufinder\plugins\mcufinder/ => C:\Users\ADMIN\.stmcufinder\plugins\mcufinder
2026-03-10 20:54:27,592 [INFO] ApiDb:250 - Set database path to: C:\Users\ADMIN\.stmcufinder\plugins\mcufinder//mcu/
2026-03-10 20:54:27,592 [WARN] DbFile:41 - Overriding database path with different value: C:\Users\ADMIN\.stmcufinder\plugins\mcufinder/ => C:\Users\ADMIN\.stmcufinder\plugins\mcufinder
2026-03-10 20:54:27,592 [INFO] DbMcusAds:125 - Set database path to: C:\Users\ADMIN\.stmcufinder\plugins\mcufinder//mcu/
2026-03-10 20:54:27,592 [WARN] DbFile:41 - Overriding database path with different value: C:\Users\ADMIN\.stmcufinder\plugins\mcufinder/ => C:\Users\ADMIN\.stmcufinder\plugins\mcufinder
2026-03-10 20:54:27,592 [WARN] DbFile:41 - Overriding database path with different value: C:\Users\ADMIN\.stmcufinder\plugins\mcufinder/ => C:\Users\ADMIN\.stmcufinder\plugins\mcufinder
2026-03-10 20:54:27,593 [INFO] CrossReferenceDbSqlite:203 - Set database path to: C:\Users\ADMIN\.stmcufinder\plugins\mcufinder//mcu/cs/
2026-03-10 20:54:27,645 [INFO] MainPanel:274 - HeapMemory: 268435456
2026-03-10 20:54:27,715 [INFO] DbMcusXml:78 - Set database path to: F:\STM32CubeIDE_1.19.0\STM32CubeIDE\plugins\com.st.stm32cube.common.mx_6.15.0.202507011659\\db\/mcu/
2026-03-10 20:54:27,715 [INFO] ApiDb:274 - Set plugin database path to: F:\STM32CubeIDE_1.19.0\STM32CubeIDE\plugins\com.st.stm32cube.common.mx_6.15.0.202507011659\\db\/plugins/boardmanager/
2026-03-10 20:54:27,715 [INFO] ApiDb:261 - Set plugin images path to: F:\STM32CubeIDE_1.19.0\STM32CubeIDE\plugins\com.st.stm32cube.common.mx_6.15.0.202507011659\\db\/plugins/mcufinder/images/
2026-03-10 20:54:27,716 [WARN] DbFile:41 - Overriding database path with different value: C:\Users\ADMIN\.stmcufinder\plugins\mcufinder/ => C:\Users\ADMIN\.stmcufinder\plugins\mcufinder
2026-03-10 20:54:27,716 [INFO] ApiDb:250 - Set database path to: C:\Users\ADMIN\.stmcufinder\plugins\mcufinder//mcu/
2026-03-10 20:54:27,716 [WARN] DbFile:41 - Overriding database path with different value: C:\Users\ADMIN\.stmcufinder\plugins\mcufinder/ => C:\Users\ADMIN\.stmcufinder\plugins\mcufinder
2026-03-10 20:54:27,716 [INFO] DbMcusAds:125 - Set database path to: C:\Users\ADMIN\.stmcufinder\plugins\mcufinder//mcu/
2026-03-10 20:54:27,716 [WARN] DbFile:41 - Overriding database path with different value: C:\Users\ADMIN\.stmcufinder\plugins\mcufinder/ => C:\Users\ADMIN\.stmcufinder\plugins\mcufinder
2026-03-10 20:54:27,716 [WARN] DbFile:41 - Overriding database path with different value: C:\Users\ADMIN\.stmcufinder\plugins\mcufinder/ => C:\Users\ADMIN\.stmcufinder\plugins\mcufinder
2026-03-10 20:54:27,716 [INFO] CrossReferenceDbSqlite:203 - Set database path to: C:\Users\ADMIN\.stmcufinder\plugins\mcufinder//mcu/cs/
2026-03-10 20:54:27,732 [INFO] ApplicationProperties:184 - Using Application install path: F:\STM32CubeIDE_1.19.0\STM32CubeIDE\plugins\com.st.stm32cube.common.mx_6.15.0.202507011659
2026-03-10 20:54:27,733 [INFO] PluginManage:196 - Search for loadable plugins [exclusion list=, ]
2026-03-10 20:54:27,734 [INFO] PluginManage:310 - Check plugin analytics
2026-03-10 20:54:27,870 [INFO] AnalyticsPlugin:253 - Accepted Software Licenses: STM32CubeMX.6.16.1
2026-03-10 20:54:27,870 [INFO] AnalyticsPlugin:255 - Accepted CMSIS Pack Licenses: 
2026-03-10 20:54:27,870 [INFO] AnalyticsPlugin:257 - Accepted Firmware Licenses: 
2026-03-10 20:54:27,872 [INFO] PluginManage:359 - Loaded plugin analytics (category:tool,tabindex:-1)
2026-03-10 20:54:27,872 [INFO] PluginManage:310 - Check plugin cadmodel
2026-03-10 20:54:27,876 [INFO] CADModel:105 - Init CAD model plugin
2026-03-10 20:54:27,876 [INFO] PluginManage:359 - Loaded plugin cadmodel (category:power,tabindex:5)
2026-03-10 20:54:27,876 [INFO] PluginManage:310 - Check plugin clock
2026-03-10 20:54:27,883 [INFO] PluginManage:359 - Loaded plugin clock (category:base,tabindex:2)
2026-03-10 20:54:27,883 [INFO] PluginManage:310 - Check plugin ddr
2026-03-10 20:54:27,883 [INFO] PluginManage:359 - Loaded plugin ddr (category:tool,tabindex:6)
2026-03-10 20:54:27,885 [INFO] PluginManage:310 - Check plugin filemanager
2026-03-10 20:54:28,028 [INFO] PluginManage:359 - Loaded plugin filemanager (category:base,tabindex:10)
2026-03-10 20:54:28,028 [INFO] PluginManage:310 - Check plugin ipmanager
2026-03-10 20:54:28,034 [INFO] PluginManage:359 - Loaded plugin ipmanager (category:base,tabindex:5)
2026-03-10 20:54:28,035 [INFO] PluginManage:310 - Check plugin lpbam
2026-03-10 20:54:28,041 [INFO] PluginManage:359 - Loaded plugin lpbam (category:base,tabindex:0)
2026-03-10 20:54:28,041 [INFO] PluginManage:310 - Check plugin memorymap
2026-03-10 20:54:28,051 [INFO] PluginManage:359 - Loaded plugin memorymap (category:base,tabindex:4)
2026-03-10 20:54:28,051 [INFO] PluginManage:310 - Check plugin pinoutandconfiguration
2026-03-10 20:54:28,057 [INFO] PluginManage:359 - Loaded plugin pinoutandconfiguration (category:base,tabindex:1)
2026-03-10 20:54:28,058 [INFO] PluginManage:310 - Check plugin pinoutconfig
2026-03-10 20:54:28,125 [WARN] SupportedApi:132 - Cannot load RTOS API schema: s4s-elt-must-match.1: The content of 'definitions' must match (annotation?, (simpleType | complexType)?, (unique | key | keyref)*)). A problem was found starting at: attribute.
2026-03-10 20:54:28,208 [INFO] PluginManage:359 - Loaded plugin pinoutconfig (category:base,tabindex:0)
2026-03-10 20:54:28,208 [INFO] PluginManage:310 - Check plugin power
2026-03-10 20:54:28,213 [INFO] PluginManage:359 - Loaded plugin power (category:power,tabindex:4)
2026-03-10 20:54:28,213 [INFO] PluginManage:310 - Check plugin projectmanager
2026-03-10 20:54:28,225 [INFO] PluginManage:359 - Loaded plugin projectmanager (category:projectmanager,tabindex:4)
2026-03-10 20:54:28,225 [INFO] PluginManage:310 - Check plugin rif
2026-03-10 20:54:28,231 [INFO] PluginManage:359 - Loaded plugin rif (category:base,tabindex:3)
2026-03-10 20:54:28,231 [INFO] PluginManage:310 - Check plugin thirdparty
2026-03-10 20:54:28,326 [INFO] PluginManage:359 - Loaded plugin thirdparty (category:base,tabindex:-1)
2026-03-10 20:54:28,326 [WARN] IntegrityCheckThread:84 - waiting for thirdparty lock release [integrity check]
2026-03-10 20:54:28,326 [INFO] PluginManage:310 - Check plugin tools
2026-03-10 20:54:28,326 [INFO] IntegrityCheckThread:86 - entering critical section [integrity check]
2026-03-10 20:54:28,326 [INFO] ThirdPartyUpdaterWithRetryManager:70 - Updater plugin not ready yet. [1/15]
2026-03-10 20:54:28,328 [INFO] PluginManage:359 - Loaded plugin tools (category:base,tabindex:7)
2026-03-10 20:54:28,329 [INFO] PluginManage:310 - Check plugin tutovideos
2026-03-10 20:54:28,462 [INFO] PluginManage:359 - Loaded plugin tutovideos (category:base,tabindex:-1)
2026-03-10 20:54:28,462 [INFO] PluginManage:310 - Check plugin updater
2026-03-10 20:54:28,479 [INFO] PluginManage:359 - Loaded plugin updater (category:base,tabindex:12)
2026-03-10 20:54:28,479 [INFO] PluginManage:310 - Check plugin userauth
2026-03-10 20:54:28,482 [INFO] UserAuth:118 - Init User Auth plugin
2026-03-10 20:54:28,482 [INFO] PluginManage:359 - Loaded plugin userauth (category:base,tabindex:14)
2026-03-10 20:54:28,483 [INFO] PluginManage:283 - PluginManage : Loaded plugins [18]
2026-03-10 20:54:28,640 [INFO] PinOutPanel:1589 - setPackage(No Configuration,No Configuration)
2026-03-10 20:54:28,705 [INFO] CADModel:165 - CPN selected for project level
2026-03-10 20:54:28,705 [INFO] CADModel:114 - Register for checkConnection events
2026-03-10 20:54:28,718 [INFO] IPUIPlugin:80 - create IPUIPlugin
2026-03-10 20:54:28,719 [INFO] PluginManager:220 - loadIPPluginJar : add adc
2026-03-10 20:54:28,721 [INFO] IPUIPlugin:80 - create IPUIPlugin
2026-03-10 20:54:28,721 [INFO] PluginManager:220 - loadIPPluginJar : add aes
2026-03-10 20:54:28,723 [INFO] IPUIPlugin:80 - create IPUIPlugin
2026-03-10 20:54:28,724 [INFO] PluginManager:220 - loadIPPluginJar : add can
2026-03-10 20:54:28,725 [INFO] IPUIPlugin:80 - create IPUIPlugin
2026-03-10 20:54:28,725 [INFO] PluginManager:220 - loadIPPluginJar : add comp
2026-03-10 20:54:28,727 [INFO] IPUIPlugin:80 - create IPUIPlugin
2026-03-10 20:54:28,727 [INFO] PluginManager:220 - loadIPPluginJar : add cryp
2026-03-10 20:54:28,729 [INFO] IPUIPlugin:80 - create IPUIPlugin
2026-03-10 20:54:28,731 [INFO] PluginManager:220 - loadIPPluginJar : add ddr_ctrl_phy
2026-03-10 20:54:28,732 [INFO] IPUIPlugin:80 - create IPUIPlugin
2026-03-10 20:54:28,732 [INFO] PluginManager:220 - loadIPPluginJar : add dfsdm
2026-03-10 20:54:28,736 [INFO] IPUIPlugin:80 - create IPUIPlugin
2026-03-10 20:54:28,737 [INFO] PluginManager:220 - loadIPPluginJar : add dma
2026-03-10 20:54:28,739 [INFO] IPUIPlugin:80 - create IPUIPlugin
2026-03-10 20:54:28,739 [INFO] PluginManager:220 - loadIPPluginJar : add dma3
2026-03-10 20:54:28,742 [INFO] IPUIPlugin:80 - create IPUIPlugin
2026-03-10 20:54:28,742 [INFO] PluginManager:220 - loadIPPluginJar : add extmemmanager
2026-03-10 20:54:28,743 [INFO] IPUIPlugin:80 - create IPUIPlugin
2026-03-10 20:54:28,743 [INFO] PluginManager:220 - loadIPPluginJar : add fatfs
2026-03-10 20:54:28,747 [INFO] IPUIPlugin:80 - create IPUIPlugin
2026-03-10 20:54:28,747 [INFO] PluginManager:220 - loadIPPluginJar : add fmc
2026-03-10 20:54:28,751 [INFO] IPUIPlugin:80 - create IPUIPlugin
2026-03-10 20:54:28,751 [INFO] PluginManager:220 - loadIPPluginJar : add freertos
2026-03-10 20:54:28,753 [INFO] IPUIPlugin:80 - create IPUIPlugin
2026-03-10 20:54:28,753 [INFO] PluginManager:220 - loadIPPluginJar : add genericplugin
2026-03-10 20:54:28,754 [INFO] IPUIPlugin:80 - create IPUIPlugin
2026-03-10 20:54:28,754 [INFO] PluginManager:220 - loadIPPluginJar : add gfxmmu
2026-03-10 20:54:28,758 [INFO] IPUIPlugin:80 - create IPUIPlugin
2026-03-10 20:54:28,758 [INFO] PluginManager:220 - loadIPPluginJar : add gic
2026-03-10 20:54:28,762 [INFO] IPUIPlugin:80 - create IPUIPlugin
2026-03-10 20:54:28,762 [INFO] PluginManager:220 - loadIPPluginJar : add gpio
2026-03-10 20:54:28,764 [INFO] IPUIPlugin:80 - create IPUIPlugin
2026-03-10 20:54:28,764 [INFO] PluginManager:220 - loadIPPluginJar : add gtzc
2026-03-10 20:54:28,766 [INFO] IPUIPlugin:80 - create IPUIPlugin
2026-03-10 20:54:28,766 [INFO] PluginManager:220 - loadIPPluginJar : add hash
2026-03-10 20:54:28,769 [INFO] IPUIPlugin:80 - create IPUIPlugin
2026-03-10 20:54:28,769 [INFO] PluginManager:220 - loadIPPluginJar : add i2c
2026-03-10 20:54:28,771 [INFO] IPUIPlugin:80 - create IPUIPlugin
2026-03-10 20:54:28,771 [INFO] PluginManager:220 - loadIPPluginJar : add i2s
2026-03-10 20:54:28,774 [INFO] IPUIPlugin:80 - create IPUIPlugin
2026-03-10 20:54:28,774 [INFO] PluginManager:220 - loadIPPluginJar : add i3c
2026-03-10 20:54:28,776 [INFO] IPUIPlugin:80 - create IPUIPlugin
2026-03-10 20:54:28,776 [INFO] PluginManager:220 - loadIPPluginJar : add ipddr
2026-03-10 20:54:28,782 [INFO] IPUIPlugin:80 - create IPUIPlugin
2026-03-10 20:54:28,782 [INFO] PluginManager:220 - loadIPPluginJar : add linkedlist
2026-03-10 20:54:28,784 [INFO] IPUIPlugin:80 - create IPUIPlugin
2026-03-10 20:54:28,784 [INFO] PluginManager:220 - loadIPPluginJar : add lorawan
2026-03-10 20:54:28,785 [INFO] IPUIPlugin:80 - create IPUIPlugin
2026-03-10 20:54:28,786 [INFO] PluginManager:220 - loadIPPluginJar : add ltdc
2026-03-10 20:54:28,790 [INFO] IPUIPlugin:80 - create IPUIPlugin
2026-03-10 20:54:28,790 [INFO] PluginManager:220 - loadIPPluginJar : add mdma
2026-03-10 20:54:28,792 [INFO] IPUIPlugin:80 - create IPUIPlugin
2026-03-10 20:54:28,792 [INFO] PluginManager:220 - loadIPPluginJar : add nvic
2026-03-10 20:54:28,795 [INFO] IPUIPlugin:80 - create IPUIPlugin
2026-03-10 20:54:28,795 [INFO] PluginManager:220 - loadIPPluginJar : add opamp
2026-03-10 20:54:28,797 [INFO] IPUIPlugin:80 - create IPUIPlugin
2026-03-10 20:54:28,797 [INFO] PluginManager:220 - loadIPPluginJar : add openamp
2026-03-10 20:54:28,799 [INFO] IPUIPlugin:80 - create IPUIPlugin
2026-03-10 20:54:28,799 [INFO] PluginManager:220 - loadIPPluginJar : add pdm2pcm
2026-03-10 20:54:28,805 [INFO] IPUIPlugin:80 - create IPUIPlugin
2026-03-10 20:54:28,807 [INFO] PluginManager:220 - loadIPPluginJar : add plateformsettings
2026-03-10 20:54:28,809 [INFO] IPUIPlugin:80 - create IPUIPlugin
2026-03-10 20:54:28,809 [INFO] PluginManager:220 - loadIPPluginJar : add quadspi
2026-03-10 20:54:28,810 [INFO] IPUIPlugin:80 - create IPUIPlugin
2026-03-10 20:54:28,811 [INFO] PluginManager:220 - loadIPPluginJar : add radio
2026-03-10 20:54:28,813 [INFO] IPUIPlugin:80 - create IPUIPlugin
2026-03-10 20:54:28,813 [INFO] PluginManager:220 - loadIPPluginJar : add resmgrutility
2026-03-10 20:54:28,815 [INFO] IPUIPlugin:80 - create IPUIPlugin
2026-03-10 20:54:28,815 [INFO] PluginManager:220 - loadIPPluginJar : add sai
2026-03-10 20:54:28,818 [INFO] IPUIPlugin:80 - create IPUIPlugin
2026-03-10 20:54:28,818 [INFO] PluginManager:220 - loadIPPluginJar : add spi
2026-03-10 20:54:28,823 [INFO] IPUIPlugin:80 - create IPUIPlugin
2026-03-10 20:54:28,823 [INFO] PluginManager:220 - loadIPPluginJar : add stm32_wpan
2026-03-10 20:54:28,824 [INFO] IPUIPlugin:80 - create IPUIPlugin
2026-03-10 20:54:28,825 [INFO] PluginManager:220 - loadIPPluginJar : add tim
2026-03-10 20:54:28,827 [INFO] IPUIPlugin:80 - create IPUIPlugin
2026-03-10 20:54:28,827 [INFO] PluginManager:220 - loadIPPluginJar : add touchsensing
2026-03-10 20:54:28,829 [INFO] IPUIPlugin:80 - create IPUIPlugin
2026-03-10 20:54:28,830 [INFO] PluginManager:220 - loadIPPluginJar : add tracer_emb
2026-03-10 20:54:28,831 [INFO] IPUIPlugin:80 - create IPUIPlugin
2026-03-10 20:54:28,831 [INFO] PluginManager:220 - loadIPPluginJar : add ts
2026-03-10 20:54:28,833 [INFO] IPUIPlugin:80 - create IPUIPlugin
2026-03-10 20:54:28,834 [INFO] PluginManager:220 - loadIPPluginJar : add tsc
2026-03-10 20:54:28,835 [INFO] IPUIPlugin:80 - create IPUIPlugin
2026-03-10 20:54:28,836 [INFO] PluginManager:220 - loadIPPluginJar : add ucpd
2026-03-10 20:54:28,838 [INFO] IPUIPlugin:80 - create IPUIPlugin
2026-03-10 20:54:28,838 [INFO] PluginManager:220 - loadIPPluginJar : add usart
2026-03-10 20:54:28,841 [INFO] IPUIPlugin:80 - create IPUIPlugin
2026-03-10 20:54:28,841 [INFO] PluginManager:220 - loadIPPluginJar : add usbx
2026-03-10 20:54:28,965 [FATAL] Updater:351 - Updater called before beeing initialized
2026-03-10 20:54:28,982 [INFO] RulesReader:64 - Compatibility file has been processed (317 Rules)
2026-03-10 20:54:28,990 [INFO] RulesReader:64 - Compatibility file has been processed (317 Rules)
2026-03-10 20:54:28,998 [INFO] CADModel:165 - CPN selected for project level
2026-03-10 20:54:28,998 [INFO] CADModel:114 - Register for checkConnection events
2026-03-10 20:54:28,999 [FATAL] Updater:351 - Updater called before beeing initialized
2026-03-10 20:54:28,999 [ERROR] CADModel:125 - Updater not yet initialized, retry later 
2026-03-10 20:54:29,135 [FATAL] Updater:351 - Updater called before beeing initialized
2026-03-10 20:54:29,136 [INFO] CADModel:165 - CPN selected for project level
2026-03-10 20:54:29,136 [INFO] CADModel:114 - Register for checkConnection events
2026-03-10 20:54:29,136 [FATAL] Updater:351 - Updater called before beeing initialized
2026-03-10 20:54:29,136 [ERROR] CADModel:125 - Updater not yet initialized, retry later 
2026-03-10 20:54:29,138 [FATAL] Updater:351 - Updater called before beeing initialized
2026-03-10 20:54:29,227 [FATAL] Updater:351 - Updater called before beeing initialized
2026-03-10 20:54:29,231 [INFO] DbMcusAds:53 - JSON generation date=Thu Mar 05 21:32:52 ICT 2026 (1772721172610)
2026-03-10 20:54:29,231 [FATAL] Updater:351 - Updater called before beeing initialized
2026-03-10 20:54:29,256 [ERROR] ConfigurationRetriever:142 - IOException on connection: Connect timed out
2026-03-10 20:54:29,258 [WARN] DetailPanel:346 - Failed to get advertising image, set to default
2026-03-10 20:54:29,324 [FATAL] Updater:351 - Updater called before beeing initialized
2026-03-10 20:54:29,325 [FATAL] Updater:351 - Updater called before beeing initialized
2026-03-10 20:54:29,326 [FATAL] Updater:351 - Updater called before beeing initialized
2026-03-10 20:54:29,326 [WARN] DetailPanel:346 - Failed to get advertising image, set to default
2026-03-10 20:54:29,326 [FATAL] Updater:351 - Updater called before beeing initialized
2026-03-10 20:54:29,364 [ERROR] Updater:1198 - MainUpdater not yet initialized. External WinMGr cannot be set.
2026-03-10 20:54:29,366 [INFO] Updater:1134 - Updater Version found : 6.15.0
2026-03-10 20:54:29,378 [INFO] ApplicationProperties:184 - Using Application install path: F:\STM32CubeIDE_1.19.0\STM32CubeIDE\plugins\com.st.stm32cube.common.mx_6.15.0.202507011659
2026-03-10 20:54:30,947 [ERROR] LogOutputStream:75 - [STDERR_REDIRECT] Mar 10, 2026 8:54:30 PM java.util.prefs.WindowsPreferences <init>
2026-03-10 20:54:30,948 [ERROR] LogOutputStream:75 - [STDERR_REDIRECT] WARNING: Could not open/create prefs root node Software\JavaSoft\Prefs at root 0xffffffff80000002. Windows RegCreateKeyEx(...) returned error code 5.
2026-03-10 20:54:30,948 [ERROR] LogOutputStream:75 - [STDERR_REDIRECT] 
2026-03-10 20:54:31,175 [INFO] MainUpdater:2872 - connection check result : 10
2026-03-10 20:54:31,177 [INFO] MainUpdater:289 - Updater Check For Update Now.
2026-03-10 20:54:31,177 [INFO] MicroXplorer:498 - Change Database Version : DB.6.0.150
2026-03-10 20:54:31,185 [INFO] McuFinderGlobals:63 - Set McuFinder mode to 2 (CubeIDE integrated)
2026-03-10 20:54:31,186 [INFO] UserAuth:487 - Internet connection configuration mode: 1
2026-03-10 20:54:31,213 [INFO] JxBrowserEngine:152 - Initiate JxBrowser Engine with user profile folder
2026-03-10 20:54:31,256 [ERROR] ConfigurationRetriever:142 - IOException on connection: Connect timed out
2026-03-10 20:54:31,328 [WARN] MainUpdater:1193 - Updater busy. Cannot search thirdparties
2026-03-10 20:54:31,328 [INFO] ThirdPartyUpdaterWithRetryManager:96 - Updater plugin is busy. [1/15]
2026-03-10 20:54:31,348 [INFO] CheckServerUpdateThread:120 - End of CheckServer Thread
2026-03-10 20:54:31,689 [INFO] WebApp:169 - Instantiating new browser for Auth
2026-03-10 20:54:32,196 [INFO] WebApp:463 - Apply proxy settings
2026-03-10 20:54:32,196 [INFO] WebApp:548 - Chromium requires no authentication
2026-03-10 20:54:32,203 [INFO] WebApp:491 - Direct internet connection detected
2026-03-10 20:54:32,219 [INFO] WebApp:900 - Register for checkConnection events
2026-03-10 20:54:32,219 [INFO] WebApp:463 - Apply proxy settings
2026-03-10 20:54:32,221 [INFO] WebApp:548 - Chromium requires no authentication
2026-03-10 20:54:32,221 [INFO] WebApp:491 - Direct internet connection detected
2026-03-10 20:54:32,322 [INFO] WebApp:225 - Starting web application
2026-03-10 20:54:32,322 [INFO] WebApp:593 - Web application path used F:\STM32CubeIDE_1.19.0\STM32CubeIDE\plugins\com.st.stm32cube.common.mx_6.15.0.202507011659\db\plugins\mcufinder\reactClient1\index.html
2026-03-10 20:54:32,384 [INFO] UserAuth:487 - Internet connection configuration mode: 1
2026-03-10 20:54:32,460 [INFO] WebApp:191 - Connection restablished
2026-03-10 20:54:32,874 [ERROR] ConfigurationRetriever:142 - IOException on connection: Connect timed out
2026-03-10 20:54:34,588 [WARN] PackLoader:240 - Cannot read IP mode file for STMicroelectronics.X-CUBE-AZRTOS-H7.3.5.0
2026-03-10 20:54:34,601 [WARN] PackLoader:240 - Cannot read IP mode file for STMicroelectronics.FP-SNS-MOTENVWB1.1.4.0
2026-03-10 20:54:34,608 [WARN] PackLoader:240 - Cannot read IP mode file for STMicroelectronics.FP-ATR-ASTRA1.2.0.2
2026-03-10 20:54:34,619 [WARN] PackLoader:240 - Cannot read IP mode file for STMicroelectronics.X-CUBE-SMBUS.2.1.0
2026-03-10 20:54:34,626 [WARN] PackLoader:240 - Cannot read IP mode file for STMicroelectronics.X-CUBE-ST60.1.0.0
2026-03-10 20:54:34,644 [WARN] PackLoader:240 - Cannot read IP mode file for STMicroelectronics.X-CUBE-AZRTOS-F7.1.1.0
2026-03-10 20:54:34,653 [WARN] PackLoader:240 - Cannot read IP mode file for Cesanta.I-CUBE-Mongoose.7.19.0
2026-03-10 20:54:34,657 [WARN] PackLoader:240 - Cannot read IP mode file for STMicroelectronics.FP-SNS-MOTENV1.5.1.0
2026-03-10 20:54:34,667 [WARN] PackLoader:240 - Cannot read IP mode file for WES.I-CUBE-Cesium.1.4.0
2026-03-10 20:54:34,683 [WARN] PackLoader:240 - Cannot read IP mode file for Infineon.AIROC-Wi-Fi-Bluetooth-STM32.1.7.1
2026-03-10 20:54:34,701 [WARN] PackLoader:240 - Cannot read IP mode file for STMicroelectronics.X-CUBE-AZRTOS-H7.3.4.0
2026-03-10 20:54:34,710 [WARN] PackLoader:240 - Cannot read IP mode file for STMicroelectronics.X-CUBE-DISPLAY.3.0.0
2026-03-10 20:54:34,715 [WARN] PackLoader:240 - Cannot read IP mode file for STMicroelectronics.FP-SNS-MOTENVWB1.1.5.0
2026-03-10 20:54:34,722 [WARN] PackLoader:240 - Cannot read IP mode file for STMicroelectronics.X-CUBE-NFC10.1.0.0
2026-03-10 20:54:34,728 [WARN] PackLoader:240 - Cannot read IP mode file for STMicroelectronics.X-CUBE-ST60.1.1.0
2026-03-10 20:54:34,735 [WARN] PackLoader:240 - Cannot read IP mode file for emotas.I-CUBE-CANOPEN.1.3.0
2026-03-10 20:54:34,742 [WARN] PackLoader:240 - Cannot read IP mode file for STMicroelectronics.X-CUBE-GNSS1.7.1.0
2026-03-10 20:54:34,762 [WARN] PackLoader:240 - Cannot read IP mode file for STMicroelectronics.FP-SNS-STBOX1.2.1.0
2026-03-10 20:54:34,769 [WARN] PackLoader:240 - Cannot read IP mode file for STMicroelectronics.FP-SNS-SMARTAG2.1.2.0
2026-03-10 20:54:34,774 [WARN] PackLoader:240 - Cannot read IP mode file for STMicroelectronics.FP-SNS-FLIGHT1.5.1.0
2026-03-10 20:54:34,785 [INFO] LogOutputStream:77 - [STDOUT_REDIRECT] 1 : Invalid condition id : UX_CORESTACK_Condition cause : null
2026-03-10 20:54:34,786 [INFO] LogOutputStream:77 - [STDOUT_REDIRECT] 1 : Invalid condition id : UX_CORESTACK_Condition cause : null
2026-03-10 20:54:34,787 [INFO] LogOutputStream:77 - [STDOUT_REDIRECT] 1 : Invalid condition id : UX_CORESTACK_Condition cause : null
2026-03-10 20:54:34,788 [INFO] LogOutputStream:77 - [STDOUT_REDIRECT] 1 : Invalid condition id : UX_CORESTACK_Condition cause : null
2026-03-10 20:54:34,788 [INFO] LogOutputStream:77 - [STDOUT_REDIRECT] 1 : Invalid condition id : UX_CORESTACK_Condition cause : null
2026-03-10 20:54:34,792 [WARN] PackLoader:240 - Cannot read IP mode file for STMicroelectronics.X-CUBE-AZRTOS-WL.2.0.0
2026-03-10 20:54:34,796 [WARN] PackLoader:240 - Cannot read IP mode file for STMicroelectronics.FP-SNS-MOTENV1.5.0.0
2026-03-10 20:54:34,810 [WARN] PackLoader:240 - Cannot read IP mode file for STMicroelectronics.X-CUBE-AZRTOS-H7RS.1.2.0
2026-03-10 20:54:34,818 [WARN] PackLoader:240 - Cannot read IP mode file for STMicroelectronics.X-CUBE-BLE2.3.3.0
2026-03-10 20:54:34,842 [WARN] PackLoader:240 - Cannot read IP mode file for STMicroelectronics.X-CUBE-NFC9.1.0.0
2026-03-10 20:54:34,849 [WARN] PackLoader:240 - Cannot read IP mode file for wolfSSL.I-CUBE-wolfSSL.5.8.2
2026-03-10 20:54:34,854 [WARN] PackLoader:240 - Cannot read IP mode file for STMicroelectronics.X-CUBE-BLE1.7.1.0
2026-03-10 20:54:34,857 [WARN] PackLoader:240 - Cannot read IP mode file for wolfSSL.I-CUBE-wolfMQTT.1.19.2
2026-03-10 20:54:34,862 [WARN] PackLoader:240 - Cannot read IP mode file for STMicroelectronics.X-CUBE-FREERTOS.1.4.0
2026-03-10 20:54:34,869 [WARN] PackLoader:240 - Cannot read IP mode file for STMicroelectronics.X-CUBE-EEPRMA1.5.2.0
2026-03-10 20:54:34,876 [WARN] PackLoader:240 - Cannot read IP mode file for STMicroelectronics.X-CUBE-ST67W61.1.1.0
2026-03-10 20:54:34,910 [WARN] PackLoader:240 - Cannot read IP mode file for STMicroelectronics.X-CUBE-MEMS1.12.0.0
2026-03-10 20:54:34,989 [WARN] PackLoader:240 - Cannot read IP mode file for STMicroelectronics.X-CUBE-AZRTOS-G0.1.1.0
2026-03-10 20:54:34,999 [WARN] PackLoader:240 - Cannot read IP mode file for STMicroelectronics.X-CUBE-SAFEA1.1.2.2
2026-03-10 20:54:35,011 [WARN] PackLoader:240 - Cannot read IP mode file for STMicroelectronics.X-CUBE-NFC4.3.0.0
2026-03-10 20:54:35,025 [WARN] PackLoader:240 - Cannot read IP mode file for EmbeddedOffice.I-CUBE-FS-RTOS.1.0.1
2026-03-10 20:54:35,034 [WARN] PackLoader:240 - Cannot read IP mode file for STMicroelectronics.X-CUBE-WB05N.2.0.0
2026-03-10 20:54:35,041 [WARN] PackLoader:240 - Cannot read IP mode file for wolfSSL.I-CUBE-wolfTPM.3.8.0
2026-03-10 20:54:35,049 [WARN] PackLoader:240 - Cannot read IP mode file for STMicroelectronics.X-CUBE-TCPP.4.2.0
2026-03-10 20:54:35,076 [WARN] PackLoader:240 - Cannot read IP mode file for RealThread.X-CUBE-RT-Thread_Nano.4.1.1
2026-03-10 20:54:35,088 [WARN] PackLoader:240 - Cannot read IP mode file for STMicroelectronics.FP-ATR-SIGFOX1.3.2.0
2026-03-10 20:54:35,093 [WARN] PackLoader:240 - Cannot read IP mode file for STMicroelectronics.X-CUBE-FREERTOS.1.5.0
2026-03-10 20:54:35,101 [WARN] PackLoader:240 - Cannot read IP mode file for ITTIA_DB.I-CUBE-ITTIADB.8.9.0
2026-03-10 20:54:35,108 [WARN] PackLoader:240 - Cannot read IP mode file for STMicroelectronics.X-CUBE-NFC6.3.2.0
2026-03-10 20:54:35,117 [WARN] PackLoader:240 - Cannot read IP mode file for STMicroelectronics.X-CUBE-ST67W61.1.0.0
2026-03-10 20:54:35,121 [WARN] PackLoader:240 - Cannot read IP mode file for STMicroelectronics.X-CUBE-AI.10.2.0
2026-03-10 20:54:35,138 [WARN] PackLoader:240 - Cannot read IP mode file for SEGGER.I-CUBE-embOS.1.3.1
2026-03-10 20:54:35,164 [WARN] PackLoader:240 - Cannot read IP mode file for STMicroelectronics.X-CUBE-ALGOBUILD.1.4.0
2026-03-10 20:54:35,198 [WARN] PackLoader:240 - Cannot read IP mode file for STMicroelectronics.X-CUBE-MEMS1.11.3.0
2026-03-10 20:54:35,298 [WARN] PackLoader:240 - Cannot read IP mode file for STMicroelectronics.X-CUBE-PM33A1.1.0.0
2026-03-10 20:54:35,311 [WARN] PackLoader:240 - Cannot read IP mode file for STMicroelectronics.X-CUBE-AZRTOS-F4.1.1.0
2026-03-10 20:54:35,317 [WARN] PackLoader:240 - Cannot read IP mode file for STMicroelectronics.X-CUBE-ISPU.2.1.0
2026-03-10 20:54:35,330 [WARN] PackLoader:240 - Cannot read IP mode file for STMicroelectronics.X-CUBE-IPS.3.2.0
2026-03-10 20:54:35,341 [WARN] PackLoader:240 - Cannot read IP mode file for STMicroelectronics.X-CUBE-NFC12.1.0.0
2026-03-10 20:54:35,356 [WARN] PackLoader:240 - Cannot read IP mode file for STMicroelectronics.X-CUBE-AZRTOS-L5.2.0.0
2026-03-10 20:54:35,363 [WARN] PackLoader:240 - Cannot read IP mode file for STMicroelectronics.X-CUBE-NFC6.3.1.0
2026-03-10 20:54:35,369 [WARN] PackLoader:240 - Cannot read IP mode file for STMicroelectronics.X-CUBE-FREERTOS.1.3.1
2026-03-10 20:54:35,375 [WARN] PackLoader:240 - Cannot read IP mode file for STMicroelectronics.X-CUBE-TOUCHGFX.4.26.0
2026-03-10 20:54:35,377 [WARN] PackLoader:240 - Cannot read IP mode file for STMicroelectronics.X-CUBE-TOUCHGFX.4.26.1
2026-03-10 20:54:35,384 [WARN] PackLoader:240 - Cannot read IP mode file for STMicroelectronics.FP-SNS-STAIOTCFT.1.0.0
2026-03-10 20:54:35,389 [WARN] PackLoader:240 - Cannot read IP mode file for STMicroelectronics.X-CUBE-DPower.1.3.0
2026-03-10 20:54:35,400 [WARN] ConditionMgr:438 - getConditionDescription Invalid condition id : LAN8742 Phy interface Condition cause : null
2026-03-10 20:54:35,401 [WARN] PackLoader:240 - Cannot read IP mode file for STMicroelectronics.X-CUBE-AZRTOS-L4.2.0.0
2026-03-10 20:54:35,402 [WARN] ConditionMgr:1044 - genDependencies : Invalid condition id : LAN8742 Phy interface Condition cause : null
2026-03-10 20:54:35,402 [WARN] ConditionMgr:1044 - genDependencies : Invalid condition id : LAN8742 Phy interface Condition cause : null
2026-03-10 20:54:35,403 [WARN] ConditionMgr:1044 - genDependencies : Invalid condition id : LAN8742 Phy interface Condition cause : null
2026-03-10 20:54:35,412 [WARN] PackLoader:240 - Cannot read IP mode file for STMicroelectronics.X-CUBE-SFXS2LP1.4.0.0
2026-03-10 20:54:35,418 [WARN] PackLoader:240 - Cannot read IP mode file for STMicroelectronics.X-CUBE-ST67W61.1.2.0
2026-03-10 20:54:35,436 [WARN] PackLoader:240 - Cannot read IP mode file for STMicroelectronics.X-CUBE-BLEMGR.4.1.0
2026-03-10 20:54:35,447 [WARN] ConditionMgr:438 - getConditionDescription Invalid condition id : UX DEVICE CLASS RTOS Condition cause : null
2026-03-10 20:54:35,447 [WARN] ConditionMgr:438 - getConditionDescription Invalid condition id : UX DEVICE CLASS RTOS Condition cause : null
2026-03-10 20:54:35,448 [WARN] PackLoader:240 - Cannot read IP mode file for STMicroelectronics.X-CUBE-AZRTOS-WB.2.0.0
2026-03-10 20:54:35,449 [WARN] ConditionMgr:1044 - genDependencies : Invalid condition id : UX DEVICE CLASS RTOS Condition cause : null
2026-03-10 20:54:35,450 [WARN] ConditionMgr:1044 - genDependencies : Invalid condition id : UX DEVICE CLASS RTOS Condition cause : null
2026-03-10 20:54:35,450 [WARN] ConditionMgr:1044 - genDependencies : Invalid condition id : UX DEVICE CLASS RTOS Condition cause : null
2026-03-10 20:54:35,450 [WARN] ConditionMgr:1044 - genDependencies : Invalid condition id : UX DEVICE CLASS RTOS Condition cause : null
2026-03-10 20:54:35,451 [WARN] ConditionMgr:1044 - genDependencies : Invalid condition id : UX DEVICE CLASS RTOS Condition cause : null
2026-03-10 20:54:35,455 [WARN] PackLoader:240 - Cannot read IP mode file for STMicroelectronics.X-CUBE-GNSS1.7.0.1
2026-03-10 20:54:35,462 [WARN] ConditionMgr:438 - getConditionDescription Invalid condition id : Cortex-A Device cause : null
2026-03-10 20:54:35,473 [WARN] ConditionMgr:1044 - genDependencies : Invalid condition id : Cortex-A Device cause : null
2026-03-10 20:54:35,473 [WARN] ConditionMgr:1044 - genDependencies : Invalid condition id : Cortex-A Device cause : null
2026-03-10 20:54:35,473 [WARN] ConditionMgr:1044 - genDependencies : Invalid condition id : Cortex-A Device cause : null
2026-03-10 20:54:35,481 [WARN] PackLoader:240 - Cannot read IP mode file for STMicroelectronics.X-CUBE-STSE01.2.0.0
2026-03-10 20:54:35,493 [WARN] PackLoader:240 - Cannot read IP mode file for STMicroelectronics.X-CUBE-SUBG2.5.0.0
2026-03-10 20:54:35,507 [WARN] PackLoader:240 - Cannot read IP mode file for STMicroelectronics.X-CUBE-AZRTOS-H7RS.1.1.0
2026-03-10 20:54:35,518 [WARN] PackLoader:240 - Cannot read IP mode file for STMicroelectronics.X-CUBE-AZRTOS-G4.2.0.0
2026-03-10 20:54:35,526 [WARN] PackLoader:240 - Cannot read IP mode file for wolfSSL.I-CUBE-wolfSSH.1.4.20
2026-03-10 20:54:35,532 [WARN] PackLoader:240 - Cannot read IP mode file for STMicroelectronics.X-CUBE-NFC7.2.0.0
2026-03-10 20:54:35,538 [WARN] PackLoader:240 - Cannot read IP mode file for STMicroelectronics.X-CUBE-ALS.1.0.2
2026-03-10 20:54:35,545 [WARN] PackLoader:240 - Cannot read IP mode file for STMicroelectronics.X-CUBE-STSE01.1.0.0
2026-03-10 20:54:35,555 [WARN] PackLoader:240 - Cannot read IP mode file for STMicroelectronics.X-CUBE-TOF1.3.4.3
2026-03-10 20:54:35,563 [INFO] ThirdParty:978 - Integrity check success = true
2026-03-10 20:54:35,563 [INFO] IntegrityCheckThread:100 - exiting critical section [integrity check]
2026-03-10 20:54:35,563 [INFO] IntegrityCheckThread:103 - End integrity checks thread
2026-03-10 20:56:16,597 [ERROR] LogOutputStream:75 - [STDERR_REDIRECT] 
2026-03-10 20:56:23,336 [INFO] Activator:176 - 


2026-03-10 20:56:23,337 [INFO] Activator:177 - !SESSION log4j initialized
2026-03-10 20:56:25,581 [INFO] LogOutputStream:77 - [STDOUT_REDIRECT] 
2026-03-10 20:56:27,090 [INFO] ApplicationProperties:184 - Using Application install path: F:\STM32CubeIDE_1.19.0\STM32CubeIDE\plugins\com.st.stm32cube.common.mx_6.15.0.202507011659
2026-03-10 20:56:27,102 [INFO] DbMcusXml:78 - Set database path to: F:\STM32CubeIDE_1.19.0\STM32CubeIDE\plugins\com.st.stm32cube.common.mx_6.15.0.202507011659\\db\/mcu/
2026-03-10 20:56:27,102 [INFO] ApiDb:274 - Set plugin database path to: F:\STM32CubeIDE_1.19.0\STM32CubeIDE\plugins\com.st.stm32cube.common.mx_6.15.0.202507011659\\db\/plugins/boardmanager/
2026-03-10 20:56:27,102 [WARN] ApiDb:259 - Overriding images path with different value:  => F:\STM32CubeIDE_1.19.0\STM32CubeIDE\plugins\com.st.stm32cube.common.mx_6.15.0.202507011659\\db\/plugins/mcufinder/images/
2026-03-10 20:56:27,106 [INFO] ApiDb:250 - Set database path to: C:\Users\ADMIN\.stmcufinder\plugins\mcufinder//mcu/
2026-03-10 20:56:27,106 [INFO] DbMcusAds:125 - Set database path to: C:\Users\ADMIN\.stmcufinder\plugins\mcufinder//mcu/
2026-03-10 20:56:27,108 [INFO] CrossReferenceDbSqlite:203 - Set database path to: C:\Users\ADMIN\.stmcufinder\plugins\mcufinder//mcu/cs/
2026-03-10 20:56:27,184 [INFO] RulesReader:64 - Compatibility file has been processed (317 Rules)
2026-03-10 20:56:27,248 [INFO] DbMcusXml:78 - Set database path to: F:\STM32CubeIDE_1.19.0\STM32CubeIDE\plugins\com.st.stm32cube.common.mx_6.15.0.202507011659\\db\/mcu/
2026-03-10 20:56:27,249 [INFO] ApiDb:274 - Set plugin database path to: F:\STM32CubeIDE_1.19.0\STM32CubeIDE\plugins\com.st.stm32cube.common.mx_6.15.0.202507011659\\db\/plugins/boardmanager/
2026-03-10 20:56:27,249 [INFO] ApiDb:261 - Set plugin images path to: F:\STM32CubeIDE_1.19.0\STM32CubeIDE\plugins\com.st.stm32cube.common.mx_6.15.0.202507011659\\db\/plugins/mcufinder/images/
2026-03-10 20:56:27,249 [WARN] DbFile:41 - Overriding database path with different value: C:\Users\ADMIN\.stmcufinder\plugins\mcufinder/ => C:\Users\ADMIN\.stmcufinder\plugins\mcufinder
2026-03-10 20:56:27,249 [INFO] ApiDb:250 - Set database path to: C:\Users\ADMIN\.stmcufinder\plugins\mcufinder//mcu/
2026-03-10 20:56:27,249 [WARN] DbFile:41 - Overriding database path with different value: C:\Users\ADMIN\.stmcufinder\plugins\mcufinder/ => C:\Users\ADMIN\.stmcufinder\plugins\mcufinder
2026-03-10 20:56:27,249 [INFO] DbMcusAds:125 - Set database path to: C:\Users\ADMIN\.stmcufinder\plugins\mcufinder//mcu/
2026-03-10 20:56:27,249 [WARN] DbFile:41 - Overriding database path with different value: C:\Users\ADMIN\.stmcufinder\plugins\mcufinder/ => C:\Users\ADMIN\.stmcufinder\plugins\mcufinder
2026-03-10 20:56:27,249 [WARN] DbFile:41 - Overriding database path with different value: C:\Users\ADMIN\.stmcufinder\plugins\mcufinder/ => C:\Users\ADMIN\.stmcufinder\plugins\mcufinder
2026-03-10 20:56:27,249 [INFO] CrossReferenceDbSqlite:203 - Set database path to: C:\Users\ADMIN\.stmcufinder\plugins\mcufinder//mcu/cs/
2026-03-10 20:56:27,301 [INFO] MainPanel:274 - HeapMemory: 268435456
2026-03-10 20:56:27,364 [INFO] DbMcusXml:78 - Set database path to: F:\STM32CubeIDE_1.19.0\STM32CubeIDE\plugins\com.st.stm32cube.common.mx_6.15.0.202507011659\\db\/mcu/
2026-03-10 20:56:27,364 [INFO] ApiDb:274 - Set plugin database path to: F:\STM32CubeIDE_1.19.0\STM32CubeIDE\plugins\com.st.stm32cube.common.mx_6.15.0.202507011659\\db\/plugins/boardmanager/
2026-03-10 20:56:27,364 [INFO] ApiDb:261 - Set plugin images path to: F:\STM32CubeIDE_1.19.0\STM32CubeIDE\plugins\com.st.stm32cube.common.mx_6.15.0.202507011659\\db\/plugins/mcufinder/images/
2026-03-10 20:56:27,365 [WARN] DbFile:41 - Overriding database path with different value: C:\Users\ADMIN\.stmcufinder\plugins\mcufinder/ => C:\Users\ADMIN\.stmcufinder\plugins\mcufinder
2026-03-10 20:56:27,365 [INFO] ApiDb:250 - Set database path to: C:\Users\ADMIN\.stmcufinder\plugins\mcufinder//mcu/
2026-03-10 20:56:27,365 [WARN] DbFile:41 - Overriding database path with different value: C:\Users\ADMIN\.stmcufinder\plugins\mcufinder/ => C:\Users\ADMIN\.stmcufinder\plugins\mcufinder
2026-03-10 20:56:27,365 [INFO] DbMcusAds:125 - Set database path to: C:\Users\ADMIN\.stmcufinder\plugins\mcufinder//mcu/
2026-03-10 20:56:27,365 [WARN] DbFile:41 - Overriding database path with different value: C:\Users\ADMIN\.stmcufinder\plugins\mcufinder/ => C:\Users\ADMIN\.stmcufinder\plugins\mcufinder
2026-03-10 20:56:27,365 [WARN] DbFile:41 - Overriding database path with different value: C:\Users\ADMIN\.stmcufinder\plugins\mcufinder/ => C:\Users\ADMIN\.stmcufinder\plugins\mcufinder
2026-03-10 20:56:27,365 [INFO] CrossReferenceDbSqlite:203 - Set database path to: C:\Users\ADMIN\.stmcufinder\plugins\mcufinder//mcu/cs/
2026-03-10 20:56:27,380 [INFO] ApplicationProperties:184 - Using Application install path: F:\STM32CubeIDE_1.19.0\STM32CubeIDE\plugins\com.st.stm32cube.common.mx_6.15.0.202507011659
2026-03-10 20:56:27,381 [INFO] PluginManage:196 - Search for loadable plugins [exclusion list=, ]
2026-03-10 20:56:27,381 [INFO] PluginManage:310 - Check plugin analytics
2026-03-10 20:56:27,507 [INFO] AnalyticsPlugin:253 - Accepted Software Licenses: STM32CubeMX.6.16.1
2026-03-10 20:56:27,507 [INFO] AnalyticsPlugin:255 - Accepted CMSIS Pack Licenses: 
2026-03-10 20:56:27,507 [INFO] AnalyticsPlugin:257 - Accepted Firmware Licenses: 
2026-03-10 20:56:27,510 [INFO] PluginManage:359 - Loaded plugin analytics (category:tool,tabindex:-1)
2026-03-10 20:56:27,510 [INFO] PluginManage:310 - Check plugin cadmodel
2026-03-10 20:56:27,513 [INFO] CADModel:105 - Init CAD model plugin
2026-03-10 20:56:27,513 [INFO] PluginManage:359 - Loaded plugin cadmodel (category:power,tabindex:5)
2026-03-10 20:56:27,513 [INFO] PluginManage:310 - Check plugin clock
2026-03-10 20:56:27,520 [INFO] PluginManage:359 - Loaded plugin clock (category:base,tabindex:2)
2026-03-10 20:56:27,520 [INFO] PluginManage:310 - Check plugin ddr
2026-03-10 20:56:27,521 [INFO] PluginManage:359 - Loaded plugin ddr (category:tool,tabindex:6)
2026-03-10 20:56:27,521 [INFO] PluginManage:310 - Check plugin filemanager
2026-03-10 20:56:27,661 [INFO] PluginManage:359 - Loaded plugin filemanager (category:base,tabindex:10)
2026-03-10 20:56:27,662 [INFO] PluginManage:310 - Check plugin ipmanager
2026-03-10 20:56:27,668 [INFO] PluginManage:359 - Loaded plugin ipmanager (category:base,tabindex:5)
2026-03-10 20:56:27,668 [INFO] PluginManage:310 - Check plugin lpbam
2026-03-10 20:56:27,674 [INFO] PluginManage:359 - Loaded plugin lpbam (category:base,tabindex:0)
2026-03-10 20:56:27,675 [INFO] PluginManage:310 - Check plugin memorymap
2026-03-10 20:56:27,683 [INFO] PluginManage:359 - Loaded plugin memorymap (category:base,tabindex:4)
2026-03-10 20:56:27,683 [INFO] PluginManage:310 - Check plugin pinoutandconfiguration
2026-03-10 20:56:27,688 [INFO] PluginManage:359 - Loaded plugin pinoutandconfiguration (category:base,tabindex:1)
2026-03-10 20:56:27,688 [INFO] PluginManage:310 - Check plugin pinoutconfig
2026-03-10 20:56:27,760 [WARN] SupportedApi:132 - Cannot load RTOS API schema: s4s-elt-must-match.1: The content of 'definitions' must match (annotation?, (simpleType | complexType)?, (unique | key | keyref)*)). A problem was found starting at: attribute.
2026-03-10 20:56:27,862 [INFO] PluginManage:359 - Loaded plugin pinoutconfig (category:base,tabindex:0)
2026-03-10 20:56:27,862 [INFO] PluginManage:310 - Check plugin power
2026-03-10 20:56:27,869 [INFO] PluginManage:359 - Loaded plugin power (category:power,tabindex:4)
2026-03-10 20:56:27,869 [INFO] PluginManage:310 - Check plugin projectmanager
2026-03-10 20:56:27,884 [INFO] PluginManage:359 - Loaded plugin projectmanager (category:projectmanager,tabindex:4)
2026-03-10 20:56:27,884 [INFO] PluginManage:310 - Check plugin rif
2026-03-10 20:56:27,891 [INFO] PluginManage:359 - Loaded plugin rif (category:base,tabindex:3)
2026-03-10 20:56:27,891 [INFO] PluginManage:310 - Check plugin thirdparty
2026-03-10 20:56:27,993 [INFO] PluginManage:359 - Loaded plugin thirdparty (category:base,tabindex:-1)
2026-03-10 20:56:27,993 [INFO] PluginManage:310 - Check plugin tools
2026-03-10 20:56:27,993 [WARN] IntegrityCheckThread:84 - waiting for thirdparty lock release [integrity check]
2026-03-10 20:56:27,993 [INFO] IntegrityCheckThread:86 - entering critical section [integrity check]
2026-03-10 20:56:27,994 [INFO] ThirdPartyUpdaterWithRetryManager:70 - Updater plugin not ready yet. [1/15]
2026-03-10 20:56:27,996 [INFO] PluginManage:359 - Loaded plugin tools (category:base,tabindex:7)
2026-03-10 20:56:27,996 [INFO] PluginManage:310 - Check plugin tutovideos
2026-03-10 20:56:28,120 [INFO] PluginManage:359 - Loaded plugin tutovideos (category:base,tabindex:-1)
2026-03-10 20:56:28,120 [INFO] PluginManage:310 - Check plugin updater
2026-03-10 20:56:28,137 [INFO] PluginManage:359 - Loaded plugin updater (category:base,tabindex:12)
2026-03-10 20:56:28,137 [INFO] PluginManage:310 - Check plugin userauth
2026-03-10 20:56:28,140 [INFO] UserAuth:118 - Init User Auth plugin
2026-03-10 20:56:28,140 [INFO] PluginManage:359 - Loaded plugin userauth (category:base,tabindex:14)
2026-03-10 20:56:28,141 [INFO] PluginManage:283 - PluginManage : Loaded plugins [18]
2026-03-10 20:56:28,292 [INFO] PinOutPanel:1589 - setPackage(No Configuration,No Configuration)
2026-03-10 20:56:28,354 [INFO] CADModel:165 - CPN selected for project level
2026-03-10 20:56:28,355 [INFO] CADModel:114 - Register for checkConnection events
2026-03-10 20:56:28,368 [INFO] IPUIPlugin:80 - create IPUIPlugin
2026-03-10 20:56:28,369 [INFO] PluginManager:220 - loadIPPluginJar : add adc
2026-03-10 20:56:28,370 [INFO] IPUIPlugin:80 - create IPUIPlugin
2026-03-10 20:56:28,370 [INFO] PluginManager:220 - loadIPPluginJar : add aes
2026-03-10 20:56:28,371 [INFO] IPUIPlugin:80 - create IPUIPlugin
2026-03-10 20:56:28,372 [INFO] PluginManager:220 - loadIPPluginJar : add can
2026-03-10 20:56:28,373 [INFO] IPUIPlugin:80 - create IPUIPlugin
2026-03-10 20:56:28,373 [INFO] PluginManager:220 - loadIPPluginJar : add comp
2026-03-10 20:56:28,374 [INFO] IPUIPlugin:80 - create IPUIPlugin
2026-03-10 20:56:28,374 [INFO] PluginManager:220 - loadIPPluginJar : add cryp
2026-03-10 20:56:28,376 [INFO] IPUIPlugin:80 - create IPUIPlugin
2026-03-10 20:56:28,376 [INFO] PluginManager:220 - loadIPPluginJar : add ddr_ctrl_phy
2026-03-10 20:56:28,378 [INFO] IPUIPlugin:80 - create IPUIPlugin
2026-03-10 20:56:28,378 [INFO] PluginManager:220 - loadIPPluginJar : add dfsdm
2026-03-10 20:56:28,382 [INFO] IPUIPlugin:80 - create IPUIPlugin
2026-03-10 20:56:28,382 [INFO] PluginManager:220 - loadIPPluginJar : add dma
2026-03-10 20:56:28,384 [INFO] IPUIPlugin:80 - create IPUIPlugin
2026-03-10 20:56:28,384 [INFO] PluginManager:220 - loadIPPluginJar : add dma3
2026-03-10 20:56:28,386 [INFO] IPUIPlugin:80 - create IPUIPlugin
2026-03-10 20:56:28,386 [INFO] PluginManager:220 - loadIPPluginJar : add extmemmanager
2026-03-10 20:56:28,387 [INFO] IPUIPlugin:80 - create IPUIPlugin
2026-03-10 20:56:28,387 [INFO] PluginManager:220 - loadIPPluginJar : add fatfs
2026-03-10 20:56:28,390 [INFO] IPUIPlugin:80 - create IPUIPlugin
2026-03-10 20:56:28,390 [INFO] PluginManager:220 - loadIPPluginJar : add fmc
2026-03-10 20:56:28,393 [INFO] IPUIPlugin:80 - create IPUIPlugin
2026-03-10 20:56:28,393 [INFO] PluginManager:220 - loadIPPluginJar : add freertos
2026-03-10 20:56:28,394 [INFO] IPUIPlugin:80 - create IPUIPlugin
2026-03-10 20:56:28,394 [INFO] PluginManager:220 - loadIPPluginJar : add genericplugin
2026-03-10 20:56:28,395 [INFO] IPUIPlugin:80 - create IPUIPlugin
2026-03-10 20:56:28,395 [INFO] PluginManager:220 - loadIPPluginJar : add gfxmmu
2026-03-10 20:56:28,397 [INFO] IPUIPlugin:80 - create IPUIPlugin
2026-03-10 20:56:28,399 [INFO] PluginManager:220 - loadIPPluginJar : add gic
2026-03-10 20:56:28,401 [INFO] IPUIPlugin:80 - create IPUIPlugin
2026-03-10 20:56:28,401 [INFO] PluginManager:220 - loadIPPluginJar : add gpio
2026-03-10 20:56:28,402 [INFO] IPUIPlugin:80 - create IPUIPlugin
2026-03-10 20:56:28,402 [INFO] PluginManager:220 - loadIPPluginJar : add gtzc
2026-03-10 20:56:28,403 [INFO] IPUIPlugin:80 - create IPUIPlugin
2026-03-10 20:56:28,403 [INFO] PluginManager:220 - loadIPPluginJar : add hash
2026-03-10 20:56:28,405 [INFO] IPUIPlugin:80 - create IPUIPlugin
2026-03-10 20:56:28,405 [INFO] PluginManager:220 - loadIPPluginJar : add i2c
2026-03-10 20:56:28,407 [INFO] IPUIPlugin:80 - create IPUIPlugin
2026-03-10 20:56:28,407 [INFO] PluginManager:220 - loadIPPluginJar : add i2s
2026-03-10 20:56:28,409 [INFO] IPUIPlugin:80 - create IPUIPlugin
2026-03-10 20:56:28,409 [INFO] PluginManager:220 - loadIPPluginJar : add i3c
2026-03-10 20:56:28,412 [INFO] IPUIPlugin:80 - create IPUIPlugin
2026-03-10 20:56:28,412 [INFO] PluginManager:220 - loadIPPluginJar : add ipddr
2026-03-10 20:56:28,416 [INFO] IPUIPlugin:80 - create IPUIPlugin
2026-03-10 20:56:28,417 [INFO] PluginManager:220 - loadIPPluginJar : add linkedlist
2026-03-10 20:56:28,419 [INFO] IPUIPlugin:80 - create IPUIPlugin
2026-03-10 20:56:28,419 [INFO] PluginManager:220 - loadIPPluginJar : add lorawan
2026-03-10 20:56:28,420 [INFO] IPUIPlugin:80 - create IPUIPlugin
2026-03-10 20:56:28,420 [INFO] PluginManager:220 - loadIPPluginJar : add ltdc
2026-03-10 20:56:28,424 [INFO] IPUIPlugin:80 - create IPUIPlugin
2026-03-10 20:56:28,424 [INFO] PluginManager:220 - loadIPPluginJar : add mdma
2026-03-10 20:56:28,426 [INFO] IPUIPlugin:80 - create IPUIPlugin
2026-03-10 20:56:28,427 [INFO] PluginManager:220 - loadIPPluginJar : add nvic
2026-03-10 20:56:28,428 [INFO] IPUIPlugin:80 - create IPUIPlugin
2026-03-10 20:56:28,429 [INFO] PluginManager:220 - loadIPPluginJar : add opamp
2026-03-10 20:56:28,430 [INFO] IPUIPlugin:80 - create IPUIPlugin
2026-03-10 20:56:28,430 [INFO] PluginManager:220 - loadIPPluginJar : add openamp
2026-03-10 20:56:28,433 [INFO] IPUIPlugin:80 - create IPUIPlugin
2026-03-10 20:56:28,433 [INFO] PluginManager:220 - loadIPPluginJar : add pdm2pcm
2026-03-10 20:56:28,437 [INFO] IPUIPlugin:80 - create IPUIPlugin
2026-03-10 20:56:28,439 [INFO] PluginManager:220 - loadIPPluginJar : add plateformsettings
2026-03-10 20:56:28,440 [INFO] IPUIPlugin:80 - create IPUIPlugin
2026-03-10 20:56:28,440 [INFO] PluginManager:220 - loadIPPluginJar : add quadspi
2026-03-10 20:56:28,442 [INFO] IPUIPlugin:80 - create IPUIPlugin
2026-03-10 20:56:28,442 [INFO] PluginManager:220 - loadIPPluginJar : add radio
2026-03-10 20:56:28,444 [INFO] IPUIPlugin:80 - create IPUIPlugin
2026-03-10 20:56:28,444 [INFO] PluginManager:220 - loadIPPluginJar : add resmgrutility
2026-03-10 20:56:28,446 [INFO] IPUIPlugin:80 - create IPUIPlugin
2026-03-10 20:56:28,447 [INFO] PluginManager:220 - loadIPPluginJar : add sai
2026-03-10 20:56:28,448 [INFO] IPUIPlugin:80 - create IPUIPlugin
2026-03-10 20:56:28,448 [INFO] PluginManager:220 - loadIPPluginJar : add spi
2026-03-10 20:56:28,452 [INFO] IPUIPlugin:80 - create IPUIPlugin
2026-03-10 20:56:28,452 [INFO] PluginManager:220 - loadIPPluginJar : add stm32_wpan
2026-03-10 20:56:28,453 [INFO] IPUIPlugin:80 - create IPUIPlugin
2026-03-10 20:56:28,453 [INFO] PluginManager:220 - loadIPPluginJar : add tim
2026-03-10 20:56:28,455 [INFO] IPUIPlugin:80 - create IPUIPlugin
2026-03-10 20:56:28,455 [INFO] PluginManager:220 - loadIPPluginJar : add touchsensing
2026-03-10 20:56:28,456 [INFO] IPUIPlugin:80 - create IPUIPlugin
2026-03-10 20:56:28,456 [INFO] PluginManager:220 - loadIPPluginJar : add tracer_emb
2026-03-10 20:56:28,457 [INFO] IPUIPlugin:80 - create IPUIPlugin
2026-03-10 20:56:28,457 [INFO] PluginManager:220 - loadIPPluginJar : add ts
2026-03-10 20:56:28,458 [INFO] IPUIPlugin:80 - create IPUIPlugin
2026-03-10 20:56:28,459 [INFO] PluginManager:220 - loadIPPluginJar : add tsc
2026-03-10 20:56:28,460 [INFO] IPUIPlugin:80 - create IPUIPlugin
2026-03-10 20:56:28,460 [INFO] PluginManager:220 - loadIPPluginJar : add ucpd
2026-03-10 20:56:28,462 [INFO] IPUIPlugin:80 - create IPUIPlugin
2026-03-10 20:56:28,462 [INFO] PluginManager:220 - loadIPPluginJar : add usart
2026-03-10 20:56:28,464 [INFO] IPUIPlugin:80 - create IPUIPlugin
2026-03-10 20:56:28,464 [INFO] PluginManager:220 - loadIPPluginJar : add usbx
2026-03-10 20:56:28,581 [FATAL] Updater:351 - Updater called before beeing initialized
2026-03-10 20:56:28,597 [INFO] RulesReader:64 - Compatibility file has been processed (317 Rules)
2026-03-10 20:56:28,604 [INFO] RulesReader:64 - Compatibility file has been processed (317 Rules)
2026-03-10 20:56:28,612 [INFO] CADModel:165 - CPN selected for project level
2026-03-10 20:56:28,612 [INFO] CADModel:114 - Register for checkConnection events
2026-03-10 20:56:28,612 [FATAL] Updater:351 - Updater called before beeing initialized
2026-03-10 20:56:28,613 [ERROR] CADModel:125 - Updater not yet initialized, retry later 
2026-03-10 20:56:28,731 [FATAL] Updater:351 - Updater called before beeing initialized
2026-03-10 20:56:28,732 [INFO] CADModel:165 - CPN selected for project level
2026-03-10 20:56:28,732 [INFO] CADModel:114 - Register for checkConnection events
2026-03-10 20:56:28,732 [FATAL] Updater:351 - Updater called before beeing initialized
2026-03-10 20:56:28,732 [ERROR] CADModel:125 - Updater not yet initialized, retry later 
2026-03-10 20:56:28,735 [FATAL] Updater:351 - Updater called before beeing initialized
2026-03-10 20:56:28,835 [FATAL] Updater:351 - Updater called before beeing initialized
2026-03-10 20:56:28,839 [INFO] DbMcusAds:53 - JSON generation date=Thu Mar 05 21:32:52 ICT 2026 (1772721172610)
2026-03-10 20:56:28,839 [FATAL] Updater:351 - Updater called before beeing initialized
2026-03-10 20:56:28,865 [WARN] DetailPanel:346 - Failed to get advertising image, set to default
2026-03-10 20:56:28,939 [FATAL] Updater:351 - Updater called before beeing initialized
2026-03-10 20:56:28,940 [FATAL] Updater:351 - Updater called before beeing initialized
2026-03-10 20:56:28,940 [FATAL] Updater:351 - Updater called before beeing initialized
2026-03-10 20:56:28,941 [WARN] DetailPanel:346 - Failed to get advertising image, set to default
2026-03-10 20:56:28,942 [FATAL] Updater:351 - Updater called before beeing initialized
2026-03-10 20:56:28,984 [ERROR] Updater:1198 - MainUpdater not yet initialized. External WinMGr cannot be set.
2026-03-10 20:56:28,986 [INFO] Updater:1134 - Updater Version found : 6.15.0
2026-03-10 20:56:28,999 [INFO] ApplicationProperties:184 - Using Application install path: F:\STM32CubeIDE_1.19.0\STM32CubeIDE\plugins\com.st.stm32cube.common.mx_6.15.0.202507011659
2026-03-10 20:56:30,568 [ERROR] LogOutputStream:75 - [STDERR_REDIRECT] Mar 10, 2026 8:56:30 PM java.util.prefs.WindowsPreferences <init>
2026-03-10 20:56:30,569 [ERROR] LogOutputStream:75 - [STDERR_REDIRECT] WARNING: Could not open/create prefs root node Software\JavaSoft\Prefs at root 0xffffffff80000002. Windows RegCreateKeyEx(...) returned error code 5.
2026-03-10 20:56:30,569 [ERROR] LogOutputStream:75 - [STDERR_REDIRECT] 
2026-03-10 20:56:30,877 [INFO] MainUpdater:2872 - connection check result : 10
2026-03-10 20:56:30,877 [INFO] MainUpdater:289 - Updater Check For Update Now.
2026-03-10 20:56:30,877 [INFO] MicroXplorer:498 - Change Database Version : DB.6.0.150
2026-03-10 20:56:30,882 [INFO] McuFinderGlobals:63 - Set McuFinder mode to 2 (CubeIDE integrated)
2026-03-10 20:56:30,882 [INFO] UserAuth:487 - Internet connection configuration mode: 1
2026-03-10 20:56:30,903 [INFO] JxBrowserEngine:152 - Initiate JxBrowser Engine with user profile folder
2026-03-10 20:56:30,995 [WARN] MainUpdater:1193 - Updater busy. Cannot search thirdparties
2026-03-10 20:56:30,995 [INFO] ThirdPartyUpdaterWithRetryManager:96 - Updater plugin is busy. [1/15]
2026-03-10 20:56:31,045 [INFO] CheckServerUpdateThread:120 - End of CheckServer Thread
2026-03-10 20:56:31,400 [INFO] WebApp:169 - Instantiating new browser for Auth
2026-03-10 20:56:32,125 [INFO] WebApp:463 - Apply proxy settings
2026-03-10 20:56:32,126 [INFO] WebApp:548 - Chromium requires no authentication
2026-03-10 20:56:32,133 [INFO] WebApp:491 - Direct internet connection detected
2026-03-10 20:56:32,153 [INFO] WebApp:900 - Register for checkConnection events
2026-03-10 20:56:32,153 [INFO] WebApp:463 - Apply proxy settings
2026-03-10 20:56:32,153 [INFO] WebApp:548 - Chromium requires no authentication
2026-03-10 20:56:32,154 [INFO] WebApp:491 - Direct internet connection detected
2026-03-10 20:56:32,303 [INFO] WebApp:225 - Starting web application
2026-03-10 20:56:32,304 [INFO] WebApp:593 - Web application path used F:\STM32CubeIDE_1.19.0\STM32CubeIDE\plugins\com.st.stm32cube.common.mx_6.15.0.202507011659\db\plugins\mcufinder\reactClient1\index.html
2026-03-10 20:56:32,408 [INFO] UserAuth:487 - Internet connection configuration mode: 1
2026-03-10 20:56:32,444 [INFO] WebApp:191 - Connection restablished
2026-03-10 20:56:34,244 [WARN] PackLoader:240 - Cannot read IP mode file for STMicroelectronics.X-CUBE-AZRTOS-H7.3.5.0
2026-03-10 20:56:34,255 [WARN] PackLoader:240 - Cannot read IP mode file for STMicroelectronics.FP-SNS-MOTENVWB1.1.4.0
2026-03-10 20:56:34,265 [WARN] PackLoader:240 - Cannot read IP mode file for STMicroelectronics.FP-ATR-ASTRA1.2.0.2
2026-03-10 20:56:34,277 [WARN] PackLoader:240 - Cannot read IP mode file for STMicroelectronics.X-CUBE-SMBUS.2.1.0
2026-03-10 20:56:34,281 [WARN] PackLoader:240 - Cannot read IP mode file for STMicroelectronics.X-CUBE-ST60.1.0.0
2026-03-10 20:56:34,300 [WARN] PackLoader:240 - Cannot read IP mode file for STMicroelectronics.X-CUBE-AZRTOS-F7.1.1.0
2026-03-10 20:56:34,308 [WARN] PackLoader:240 - Cannot read IP mode file for Cesanta.I-CUBE-Mongoose.7.19.0
2026-03-10 20:56:34,314 [WARN] PackLoader:240 - Cannot read IP mode file for STMicroelectronics.FP-SNS-MOTENV1.5.1.0
2026-03-10 20:56:34,323 [WARN] PackLoader:240 - Cannot read IP mode file for WES.I-CUBE-Cesium.1.4.0
2026-03-10 20:56:34,342 [WARN] PackLoader:240 - Cannot read IP mode file for Infineon.AIROC-Wi-Fi-Bluetooth-STM32.1.7.1
2026-03-10 20:56:34,360 [WARN] PackLoader:240 - Cannot read IP mode file for STMicroelectronics.X-CUBE-AZRTOS-H7.3.4.0
2026-03-10 20:56:34,371 [WARN] PackLoader:240 - Cannot read IP mode file for STMicroelectronics.X-CUBE-DISPLAY.3.0.0
2026-03-10 20:56:34,387 [WARN] PackLoader:240 - Cannot read IP mode file for STMicroelectronics.FP-SNS-MOTENVWB1.1.5.0
2026-03-10 20:56:34,394 [WARN] PackLoader:240 - Cannot read IP mode file for STMicroelectronics.X-CUBE-NFC10.1.0.0
2026-03-10 20:56:34,399 [WARN] PackLoader:240 - Cannot read IP mode file for STMicroelectronics.X-CUBE-ST60.1.1.0
2026-03-10 20:56:34,405 [WARN] PackLoader:240 - Cannot read IP mode file for emotas.I-CUBE-CANOPEN.1.3.0
2026-03-10 20:56:34,414 [WARN] PackLoader:240 - Cannot read IP mode file for STMicroelectronics.X-CUBE-GNSS1.7.1.0
2026-03-10 20:56:34,421 [WARN] PackLoader:240 - Cannot read IP mode file for STMicroelectronics.FP-SNS-STBOX1.2.1.0
2026-03-10 20:56:34,427 [WARN] PackLoader:240 - Cannot read IP mode file for STMicroelectronics.FP-SNS-SMARTAG2.1.2.0
2026-03-10 20:56:34,432 [WARN] PackLoader:240 - Cannot read IP mode file for STMicroelectronics.FP-SNS-FLIGHT1.5.1.0
2026-03-10 20:56:34,442 [INFO] LogOutputStream:77 - [STDOUT_REDIRECT] 1 : Invalid condition id : UX_CORESTACK_Condition cause : null
2026-03-10 20:56:34,443 [INFO] LogOutputStream:77 - [STDOUT_REDIRECT] 1 : Invalid condition id : UX_CORESTACK_Condition cause : null
2026-03-10 20:56:34,445 [INFO] LogOutputStream:77 - [STDOUT_REDIRECT] 1 : Invalid condition id : UX_CORESTACK_Condition cause : null
2026-03-10 20:56:34,446 [INFO] LogOutputStream:77 - [STDOUT_REDIRECT] 1 : Invalid condition id : UX_CORESTACK_Condition cause : null
2026-03-10 20:56:34,446 [INFO] LogOutputStream:77 - [STDOUT_REDIRECT] 1 : Invalid condition id : UX_CORESTACK_Condition cause : null
2026-03-10 20:56:34,448 [WARN] PackLoader:240 - Cannot read IP mode file for STMicroelectronics.X-CUBE-AZRTOS-WL.2.0.0
2026-03-10 20:56:34,453 [WARN] PackLoader:240 - Cannot read IP mode file for STMicroelectronics.FP-SNS-MOTENV1.5.0.0
2026-03-10 20:56:34,466 [WARN] PackLoader:240 - Cannot read IP mode file for STMicroelectronics.X-CUBE-AZRTOS-H7RS.1.2.0
2026-03-10 20:56:34,475 [WARN] PackLoader:240 - Cannot read IP mode file for STMicroelectronics.X-CUBE-BLE2.3.3.0
2026-03-10 20:56:34,497 [WARN] PackLoader:240 - Cannot read IP mode file for STMicroelectronics.X-CUBE-NFC9.1.0.0
2026-03-10 20:56:34,504 [WARN] PackLoader:240 - Cannot read IP mode file for wolfSSL.I-CUBE-wolfSSL.5.8.2
2026-03-10 20:56:34,508 [WARN] PackLoader:240 - Cannot read IP mode file for STMicroelectronics.X-CUBE-BLE1.7.1.0
2026-03-10 20:56:34,514 [WARN] PackLoader:240 - Cannot read IP mode file for wolfSSL.I-CUBE-wolfMQTT.1.19.2
2026-03-10 20:56:34,520 [WARN] PackLoader:240 - Cannot read IP mode file for STMicroelectronics.X-CUBE-FREERTOS.1.4.0
2026-03-10 20:56:34,525 [WARN] PackLoader:240 - Cannot read IP mode file for STMicroelectronics.X-CUBE-EEPRMA1.5.2.0
2026-03-10 20:56:34,531 [WARN] PackLoader:240 - Cannot read IP mode file for STMicroelectronics.X-CUBE-ST67W61.1.1.0
2026-03-10 20:56:34,564 [WARN] PackLoader:240 - Cannot read IP mode file for STMicroelectronics.X-CUBE-MEMS1.12.0.0
2026-03-10 20:56:34,656 [WARN] PackLoader:240 - Cannot read IP mode file for STMicroelectronics.X-CUBE-AZRTOS-G0.1.1.0
2026-03-10 20:56:34,668 [WARN] PackLoader:240 - Cannot read IP mode file for STMicroelectronics.X-CUBE-SAFEA1.1.2.2
2026-03-10 20:56:34,677 [WARN] PackLoader:240 - Cannot read IP mode file for STMicroelectronics.X-CUBE-NFC4.3.0.0
2026-03-10 20:56:34,708 [WARN] PackLoader:240 - Cannot read IP mode file for EmbeddedOffice.I-CUBE-FS-RTOS.1.0.1
2026-03-10 20:56:34,721 [WARN] PackLoader:240 - Cannot read IP mode file for STMicroelectronics.X-CUBE-WB05N.2.0.0
2026-03-10 20:56:34,728 [WARN] PackLoader:240 - Cannot read IP mode file for wolfSSL.I-CUBE-wolfTPM.3.8.0
2026-03-10 20:56:34,734 [WARN] PackLoader:240 - Cannot read IP mode file for STMicroelectronics.X-CUBE-TCPP.4.2.0
2026-03-10 20:56:34,741 [WARN] PackLoader:240 - Cannot read IP mode file for RealThread.X-CUBE-RT-Thread_Nano.4.1.1
2026-03-10 20:56:34,745 [WARN] PackLoader:240 - Cannot read IP mode file for STMicroelectronics.FP-ATR-SIGFOX1.3.2.0
2026-03-10 20:56:34,750 [WARN] PackLoader:240 - Cannot read IP mode file for STMicroelectronics.X-CUBE-FREERTOS.1.5.0
2026-03-10 20:56:34,758 [WARN] PackLoader:240 - Cannot read IP mode file for ITTIA_DB.I-CUBE-ITTIADB.8.9.0
2026-03-10 20:56:34,768 [WARN] PackLoader:240 - Cannot read IP mode file for STMicroelectronics.X-CUBE-NFC6.3.2.0
2026-03-10 20:56:34,778 [WARN] PackLoader:240 - Cannot read IP mode file for STMicroelectronics.X-CUBE-ST67W61.1.0.0
2026-03-10 20:56:34,787 [WARN] PackLoader:240 - Cannot read IP mode file for STMicroelectronics.X-CUBE-AI.10.2.0
2026-03-10 20:56:34,813 [WARN] PackLoader:240 - Cannot read IP mode file for SEGGER.I-CUBE-embOS.1.3.1
2026-03-10 20:56:34,846 [WARN] PackLoader:240 - Cannot read IP mode file for STMicroelectronics.X-CUBE-ALGOBUILD.1.4.0
2026-03-10 20:56:34,892 [WARN] PackLoader:240 - Cannot read IP mode file for STMicroelectronics.X-CUBE-MEMS1.11.3.0
2026-03-10 20:56:34,995 [WARN] PackLoader:240 - Cannot read IP mode file for STMicroelectronics.X-CUBE-PM33A1.1.0.0
2026-03-10 20:56:35,008 [WARN] PackLoader:240 - Cannot read IP mode file for STMicroelectronics.X-CUBE-AZRTOS-F4.1.1.0
2026-03-10 20:56:35,016 [WARN] PackLoader:240 - Cannot read IP mode file for STMicroelectronics.X-CUBE-ISPU.2.1.0
2026-03-10 20:56:35,026 [WARN] PackLoader:240 - Cannot read IP mode file for STMicroelectronics.X-CUBE-IPS.3.2.0
2026-03-10 20:56:35,038 [WARN] PackLoader:240 - Cannot read IP mode file for STMicroelectronics.X-CUBE-NFC12.1.0.0
2026-03-10 20:56:35,054 [WARN] PackLoader:240 - Cannot read IP mode file for STMicroelectronics.X-CUBE-AZRTOS-L5.2.0.0
2026-03-10 20:56:35,069 [WARN] PackLoader:240 - Cannot read IP mode file for STMicroelectronics.X-CUBE-NFC6.3.1.0
2026-03-10 20:56:35,076 [WARN] PackLoader:240 - Cannot read IP mode file for STMicroelectronics.X-CUBE-FREERTOS.1.3.1
2026-03-10 20:56:35,085 [WARN] PackLoader:240 - Cannot read IP mode file for STMicroelectronics.X-CUBE-TOUCHGFX.4.26.0
2026-03-10 20:56:35,088 [WARN] PackLoader:240 - Cannot read IP mode file for STMicroelectronics.X-CUBE-TOUCHGFX.4.26.1
2026-03-10 20:56:35,095 [WARN] PackLoader:240 - Cannot read IP mode file for STMicroelectronics.FP-SNS-STAIOTCFT.1.0.0
2026-03-10 20:56:35,103 [WARN] PackLoader:240 - Cannot read IP mode file for STMicroelectronics.X-CUBE-DPower.1.3.0
2026-03-10 20:56:35,121 [WARN] ConditionMgr:438 - getConditionDescription Invalid condition id : LAN8742 Phy interface Condition cause : null
2026-03-10 20:56:35,122 [WARN] PackLoader:240 - Cannot read IP mode file for STMicroelectronics.X-CUBE-AZRTOS-L4.2.0.0
2026-03-10 20:56:35,123 [WARN] ConditionMgr:1044 - genDependencies : Invalid condition id : LAN8742 Phy interface Condition cause : null
2026-03-10 20:56:35,125 [WARN] ConditionMgr:1044 - genDependencies : Invalid condition id : LAN8742 Phy interface Condition cause : null
2026-03-10 20:56:35,125 [WARN] ConditionMgr:1044 - genDependencies : Invalid condition id : LAN8742 Phy interface Condition cause : null
2026-03-10 20:56:35,133 [WARN] PackLoader:240 - Cannot read IP mode file for STMicroelectronics.X-CUBE-SFXS2LP1.4.0.0
2026-03-10 20:56:35,142 [WARN] PackLoader:240 - Cannot read IP mode file for STMicroelectronics.X-CUBE-ST67W61.1.2.0
2026-03-10 20:56:35,153 [WARN] PackLoader:240 - Cannot read IP mode file for STMicroelectronics.X-CUBE-BLEMGR.4.1.0
2026-03-10 20:56:35,171 [WARN] ConditionMgr:438 - getConditionDescription Invalid condition id : UX DEVICE CLASS RTOS Condition cause : null
2026-03-10 20:56:35,172 [WARN] ConditionMgr:438 - getConditionDescription Invalid condition id : UX DEVICE CLASS RTOS Condition cause : null
2026-03-10 20:56:35,174 [WARN] PackLoader:240 - Cannot read IP mode file for STMicroelectronics.X-CUBE-AZRTOS-WB.2.0.0
2026-03-10 20:56:35,176 [WARN] ConditionMgr:1044 - genDependencies : Invalid condition id : UX DEVICE CLASS RTOS Condition cause : null
2026-03-10 20:56:35,176 [WARN] ConditionMgr:1044 - genDependencies : Invalid condition id : UX DEVICE CLASS RTOS Condition cause : null
2026-03-10 20:56:35,176 [WARN] ConditionMgr:1044 - genDependencies : Invalid condition id : UX DEVICE CLASS RTOS Condition cause : null
2026-03-10 20:56:35,177 [WARN] ConditionMgr:1044 - genDependencies : Invalid condition id : UX DEVICE CLASS RTOS Condition cause : null
2026-03-10 20:56:35,177 [WARN] ConditionMgr:1044 - genDependencies : Invalid condition id : UX DEVICE CLASS RTOS Condition cause : null
2026-03-10 20:56:35,184 [WARN] PackLoader:240 - Cannot read IP mode file for STMicroelectronics.X-CUBE-GNSS1.7.0.1
2026-03-10 20:56:35,194 [WARN] ConditionMgr:438 - getConditionDescription Invalid condition id : Cortex-A Device cause : null
2026-03-10 20:56:35,219 [WARN] ConditionMgr:1044 - genDependencies : Invalid condition id : Cortex-A Device cause : null
2026-03-10 20:56:35,219 [WARN] ConditionMgr:1044 - genDependencies : Invalid condition id : Cortex-A Device cause : null
2026-03-10 20:56:35,221 [WARN] ConditionMgr:1044 - genDependencies : Invalid condition id : Cortex-A Device cause : null
2026-03-10 20:56:35,236 [WARN] PackLoader:240 - Cannot read IP mode file for STMicroelectronics.X-CUBE-STSE01.2.0.0
2026-03-10 20:56:35,255 [WARN] PackLoader:240 - Cannot read IP mode file for STMicroelectronics.X-CUBE-SUBG2.5.0.0
2026-03-10 20:56:35,281 [WARN] PackLoader:240 - Cannot read IP mode file for STMicroelectronics.X-CUBE-AZRTOS-H7RS.1.1.0
2026-03-10 20:56:35,303 [WARN] PackLoader:240 - Cannot read IP mode file for STMicroelectronics.X-CUBE-AZRTOS-G4.2.0.0
2026-03-10 20:56:35,314 [WARN] PackLoader:240 - Cannot read IP mode file for wolfSSL.I-CUBE-wolfSSH.1.4.20
2026-03-10 20:56:35,322 [WARN] PackLoader:240 - Cannot read IP mode file for STMicroelectronics.X-CUBE-NFC7.2.0.0
2026-03-10 20:56:35,330 [WARN] PackLoader:240 - Cannot read IP mode file for STMicroelectronics.X-CUBE-ALS.1.0.2
2026-03-10 20:56:35,340 [WARN] PackLoader:240 - Cannot read IP mode file for STMicroelectronics.X-CUBE-STSE01.1.0.0
2026-03-10 20:56:35,360 [WARN] PackLoader:240 - Cannot read IP mode file for STMicroelectronics.X-CUBE-TOF1.3.4.3
2026-03-10 20:56:35,373 [INFO] ThirdParty:978 - Integrity check success = true
2026-03-10 20:56:35,373 [INFO] IntegrityCheckThread:100 - exiting critical section [integrity check]
2026-03-10 20:56:35,373 [INFO] IntegrityCheckThread:103 - End integrity checks thread
2026-03-10 20:57:40,448 [ERROR] ConfigurationRetriever:142 - IOException on connection: Connect timed out
2026-03-10 20:57:43,085 [ERROR] ConfigurationRetriever:142 - IOException on connection: Connect timed out
2026-03-10 20:57:45,142 [ERROR] ConfigurationRetriever:142 - IOException on connection: Connect timed out
2026-03-10 20:57:47,144 [ERROR] ConfigurationRetriever:142 - IOException on connection: Connect timed out
2026-03-10 20:57:49,145 [ERROR] ConfigurationRetriever:142 - IOException on connection: Connect timed out
2026-03-10 20:57:51,180 [ERROR] ConfigurationRetriever:142 - IOException on connection: Connect timed out
2026-03-10 20:57:53,741 [ERROR] ConfigurationRetriever:142 - IOException on connection: Connect timed out
2026-03-10 21:11:43,405 [ERROR] LogOutputStream:75 - [STDERR_REDIRECT] 
